2022-12-24 15:00:21:log:INFO: Starting Test Pi Motor
2022-12-24 15:00:21:log:INFO:Starting Test No.: 1
2022-12-24 15:00:21:power:Motor Battery Relay Created on pin: 14
2022-12-24 15:00:21:power:Motor Battery Relay on pin 14 turned: on
2022-12-24 15:00:21:robot moved:RPI_Motor created with pins 4 and 17
2022-12-24 15:00:21:encoder sensor:Created Digital Sensor on pin 26
2022-12-24 15:00:21:encoder sensor:Started Digital Sensor 26
2022-12-24 15:00:21:encoder sensor:Encoder Sensor history reset
2022-12-24 15:00:21:robot moved:RPI_Motor, on Pins 4 and 17, moving at velocity: 0.5
2022-12-24 15:00:23:robot moved:RPI_Motor, on Pins 4 and 17, moving at velocity: 0.0
2022-12-24 15:00:23:robot moved:RPI_Motor, on Pins 4 and 17, destroyed
2022-12-24 15:00:23:power:Motor Battery Relay on pin 14 turned: off
2022-12-24 15:00:23:power:Motor Battery Relay on pin 14 destroyed
2022-12-24 15:00:23:encoder sensor:Stopped Digital Sensor on pin 26
2022-12-24 15:00:23:encoder sensor:Distance: 0.00
2022-12-24 15:00:23:encoder sensor:Digital Sensor Destroyed on pin 26
2022-12-24 15:00:23:log:INFO:Starting Test No.: 2
2022-12-24 15:00:23:log:INFO:Wait step for 2.0 seconds
2022-12-24 15:00:25:log:INFO:Starting Test No.: 3
2022-12-24 15:00:25:power:Motor Battery Relay Created on pin: 14
2022-12-24 15:00:25:power:Motor Battery Relay on pin 14 turned: on
2022-12-24 15:00:25:robot moved:RPI_Motor created with pins 27 and 22
2022-12-24 15:00:25:encoder sensor:Created Digital Sensor on pin 21
2022-12-24 15:00:25:encoder sensor:Started Digital Sensor 21
2022-12-24 15:00:25:encoder sensor:Encoder Sensor history reset
2022-12-24 15:00:25:robot moved:RPI_Motor, on Pins 27 and 22, moving at velocity: 0.5
2022-12-24 15:00:27:robot moved:RPI_Motor, on Pins 27 and 22, moving at velocity: 0.0
2022-12-24 15:00:27:robot moved:RPI_Motor, on Pins 27 and 22, destroyed
2022-12-24 15:00:27:power:Motor Battery Relay on pin 14 turned: off
2022-12-24 15:00:27:power:Motor Battery Relay on pin 14 destroyed
2022-12-24 15:00:27:encoder sensor:Stopped Digital Sensor on pin 21
2022-12-24 15:00:27:encoder sensor:Distance: 0.00
2022-12-24 15:00:27:encoder sensor:Digital Sensor Destroyed on pin 21
2022-12-24 15:07:46:log:INFO: Starting Test Pi Motor
2022-12-24 15:07:46:log:WARNING:In csv file, 'tests/function/progtest_left50-10s_right50-10s.csv', line 2, motor_power_pin is invalid GPIO number, 0.
2022-12-24 15:07:46:log:WARNING:In csv file, 'tests/function/progtest_left50-10s_right50-10s.csv, line 2, motor_pin_fwd is invalid GPIO number, 0.
2022-12-24 15:07:46:log:WARNING:In csv file, 'tests/function/progtest_left50-10s_right50-10s.csv, line 2, motor_pin_rwd is invalid GPIO number, 0.
2022-12-24 15:07:46:log:WARNING:In csv file, 'tests/function/progtest_left50-10s_right50-10s.csv', line 2, encoder_pin is invalid GPIO number, 0.
2022-12-24 15:07:46:log:Found 3 tests
2022-12-24 15:07:46:log:INFO:Starting Test No.: 1
2022-12-24 15:07:46:power:Motor Battery Relay Created on pin: 14
2022-12-24 15:07:46:power:Motor Battery Relay on pin 14 turned: on
2022-12-24 15:07:46:robot moved:RPI_Motor created with pins 4 and 17
2022-12-24 15:07:46:encoder sensor:Created Digital Sensor on pin 26
2022-12-24 15:07:46:encoder sensor:Started Digital Sensor 26
2022-12-24 15:07:46:encoder sensor:Encoder Sensor history reset
2022-12-24 15:07:46:robot moved:RPI_Motor, on Pins 4 and 17, moving at velocity: 0.5
2022-12-24 15:07:48:robot moved:RPI_Motor, on Pins 4 and 17, moving at velocity: 0.0
2022-12-24 15:07:48:robot moved:RPI_Motor, on Pins 4 and 17, destroyed
2022-12-24 15:07:48:power:Motor Battery Relay on pin 14 turned: off
2022-12-24 15:07:48:power:Motor Battery Relay on pin 14 destroyed
2022-12-24 15:07:48:encoder sensor:Stopped Digital Sensor on pin 26
2022-12-24 15:07:48:encoder sensor:Distance: 0.00
2022-12-24 15:07:48:encoder sensor:Digital Sensor Destroyed on pin 26
2022-12-24 15:07:48:log:INFO:Starting Test No.: 2
2022-12-24 15:07:48:log:INFO:Wait step for 2.0 seconds
2022-12-24 15:07:50:log:INFO:Starting Test No.: 3
2022-12-24 15:07:50:power:Motor Battery Relay Created on pin: 14
2022-12-24 15:07:50:power:Motor Battery Relay on pin 14 turned: on
2022-12-24 15:07:50:robot moved:RPI_Motor created with pins 27 and 22
2022-12-24 15:07:50:encoder sensor:Created Digital Sensor on pin 21
2022-12-24 15:07:50:encoder sensor:Started Digital Sensor 21
2022-12-24 15:07:50:encoder sensor:Encoder Sensor history reset
2022-12-24 15:07:50:robot moved:RPI_Motor, on Pins 27 and 22, moving at velocity: 0.5
2022-12-24 15:07:52:robot moved:RPI_Motor, on Pins 27 and 22, moving at velocity: 0.0
2022-12-24 15:07:52:robot moved:RPI_Motor, on Pins 27 and 22, destroyed
2022-12-24 15:07:52:power:Motor Battery Relay on pin 14 turned: off
2022-12-24 15:07:52:power:Motor Battery Relay on pin 14 destroyed
2022-12-24 15:07:52:encoder sensor:Stopped Digital Sensor on pin 21
2022-12-24 15:07:52:encoder sensor:Distance: 0.00
2022-12-24 15:07:52:encoder sensor:Digital Sensor Destroyed on pin 21
