2022-12-24 13:00:00:power:Motor Battery Relay on pin 14 turned: ff
2022-12-24 13:00:00:power:Motor Battery Relay on pin 14 destroyed
2022-12-24 13:00:02:power:Motor Battery Relay Created on pin: 14
2022-12-24 13:00:02:power:Motor Battery Relay on pin 14 turned: on
2022-12-24 13:00:04:power:Motor Battery Relay on pin 14 turned: ff
2022-12-24 13:00:04:power:Motor Battery Relay on pin 14 destroyed
2022-12-24 13:01:34:log:INFO: Starting Test Pi Motor
2022-12-24 13:01:34:power:Motor Battery Relay Created on pin: 14
2022-12-24 13:01:34:power:Motor Battery Relay on pin 14 turned: on
2022-12-24 13:01:34:encoder sensor:Encoder Sensor history reset
2022-12-24 13:01:35:encoder sensor:Encoder Sensor history reset
2022-12-24 13:01:35:encoder sensor:Encoder Sensor history reset
2022-12-24 13:01:37:power:Motor Battery Relay on pin 14 turned: ff
2022-12-24 13:01:37:power:Motor Battery Relay on pin 14 destroyed
2022-12-24 13:01:37:encoder sensor:Distance: 0.00
2022-12-24 13:01:39:power:Motor Battery Relay Created on pin: 14
2022-12-24 13:01:39:power:Motor Battery Relay on pin 14 turned: on
2022-12-24 13:01:39:encoder sensor:Encoder Sensor history reset
2022-12-24 13:01:39:encoder sensor:Encoder Sensor history reset
2022-12-24 13:01:39:encoder sensor:Encoder Sensor history reset
2022-12-24 13:01:41:power:Motor Battery Relay on pin 14 turned: ff
2022-12-24 13:01:41:power:Motor Battery Relay on pin 14 destroyed
2022-12-24 13:01:41:encoder sensor:Distance: 0.00
2022-12-24 13:02:41:log:INFO: Starting Test Pi Motor
2022-12-24 13:02:41:power:Motor Battery Relay Created on pin: 14
2022-12-24 13:02:41:power:Motor Battery Relay on pin 14 turned: on
2022-12-24 13:02:41:encoder sensor:Encoder Sensor history reset
2022-12-24 13:02:41:encoder sensor:Encoder Sensor history reset
2022-12-24 13:02:41:encoder sensor:Encoder Sensor history reset
2022-12-24 13:02:43:power:Motor Battery Relay on pin 14 turned: ff
2022-12-24 13:02:43:power:Motor Battery Relay on pin 14 destroyed
2022-12-24 13:02:43:encoder sensor:Distance: 0.00
2022-12-24 13:02:45:power:Motor Battery Relay Created on pin: 14
2022-12-24 13:02:45:power:Motor Battery Relay on pin 14 turned: on
2022-12-24 13:02:45:encoder sensor:Encoder Sensor history reset
2022-12-24 13:02:45:encoder sensor:Encoder Sensor history reset
2022-12-24 13:02:45:encoder sensor:Encoder Sensor history reset
2022-12-24 13:02:47:power:Motor Battery Relay on pin 14 turned: ff
2022-12-24 13:02:47:power:Motor Battery Relay on pin 14 destroyed
2022-12-24 13:02:47:encoder sensor:Distance: 0.00
2022-12-24 13:04:55:log:INFO: Starting Test Pi Motor
2022-12-24 13:04:55:power:Motor Battery Relay Created on pin: 14
2022-12-24 13:04:55:power:Motor Battery Relay on pin 14 turned: on
2022-12-24 13:04:55:encoder sensor:Encoder Sensor history reset
2022-12-24 13:04:55:encoder sensor:Encoder Sensor history reset
2022-12-24 13:04:55:encoder sensor:Started Digital Sensor
2022-12-24 13:04:55:encoder sensor:Created Digital Sensor
2022-12-24 13:04:55:encoder sensor:Encoder Sensor history reset
2022-12-24 13:04:55:encoder sensor:Started Digital Sensor
2022-12-24 13:04:57:power:Motor Battery Relay on pin 14 turned: ff
2022-12-24 13:04:57:power:Motor Battery Relay on pin 14 destroyed
2022-12-24 13:04:57:encoder sensor:Stopped Digital Sensor
2022-12-24 13:04:57:encoder sensor:Distance: 0.00
2022-12-24 13:04:57:encoder sensor:Digital Sensor Destroyed
2022-12-24 13:04:59:power:Motor Battery Relay Created on pin: 14
2022-12-24 13:04:59:power:Motor Battery Relay on pin 14 turned: on
2022-12-24 13:04:59:encoder sensor:Encoder Sensor history reset
2022-12-24 13:04:59:encoder sensor:Encoder Sensor history reset
2022-12-24 13:04:59:encoder sensor:Started Digital Sensor
2022-12-24 13:04:59:encoder sensor:Created Digital Sensor
2022-12-24 13:04:59:encoder sensor:Encoder Sensor history reset
2022-12-24 13:04:59:encoder sensor:Started Digital Sensor
2022-12-24 13:05:01:power:Motor Battery Relay on pin 14 turned: ff
2022-12-24 13:05:01:power:Motor Battery Relay on pin 14 destroyed
2022-12-24 13:05:01:encoder sensor:Stopped Digital Sensor
2022-12-24 13:05:01:encoder sensor:Distance: 0.00
2022-12-24 13:05:01:encoder sensor:Digital Sensor Destroyed
2022-12-24 13:06:40:log:INFO: Starting Test Pi Motor
2022-12-24 13:06:40:power:Motor Battery Relay Created on pin: 14
2022-12-24 13:06:40:power:Motor Battery Relay on pin 14 turned: on
2022-12-24 13:06:40:encoder sensor:Encoder Sensor history reset
2022-12-24 13:06:40:encoder sensor:Encoder Sensor history reset
2022-12-24 13:06:40:encoder sensor:Started Digital Sensor
2022-12-24 13:06:40:encoder sensor:Created Digital Sensor
2022-12-24 13:06:40:encoder sensor:Encoder Sensor history reset
2022-12-24 13:06:40:encoder sensor:Started Digital Sensor
2022-12-24 13:06:42:power:Motor Battery Relay on pin 14 turned: off
2022-12-24 13:06:42:power:Motor Battery Relay on pin 14 destroyed
2022-12-24 13:06:42:encoder sensor:Stopped Digital Sensor
2022-12-24 13:06:42:encoder sensor:Distance: 0.00
2022-12-24 13:06:42:encoder sensor:Digital Sensor Destroyed
2022-12-24 13:06:44:power:Motor Battery Relay Created on pin: 14
2022-12-24 13:06:44:power:Motor Battery Relay on pin 14 turned: on
2022-12-24 13:06:44:encoder sensor:Encoder Sensor history reset
2022-12-24 13:06:44:encoder sensor:Encoder Sensor history reset
2022-12-24 13:06:44:encoder sensor:Started Digital Sensor
2022-12-24 13:06:44:encoder sensor:Created Digital Sensor
2022-12-24 13:06:44:encoder sensor:Encoder Sensor history reset
2022-12-24 13:06:44:encoder sensor:Started Digital Sensor
2022-12-24 13:06:46:power:Motor Battery Relay on pin 14 turned: off
2022-12-24 13:06:46:power:Motor Battery Relay on pin 14 destroyed
2022-12-24 13:06:46:encoder sensor:Stopped Digital Sensor
2022-12-24 13:06:46:encoder sensor:Distance: 0.00
2022-12-24 13:06:46:encoder sensor:Digital Sensor Destroyed
