2022-12-24 14:13:21:log:INFO: Starting Test Pi Motor
2022-12-24 14:13:21:power:Motor Battery Relay Created on pin: 14
2022-12-24 14:13:21:power:Motor Battery Relay on pin 14 turned: on
2022-12-24 14:17:08:log:INFO: Starting Test Pi Motor
2022-12-24 14:17:08:power:Motor Battery Relay Created on pin: 14
2022-12-24 14:17:08:power:Motor Battery Relay on pin 14 turned: on
2022-12-24 14:20:05:log:INFO: Starting Test Pi Motor
2022-12-24 14:20:05:power:Motor Battery Relay Created on pin: 14
2022-12-24 14:20:05:power:Motor Battery Relay on pin 14 turned: on
2022-12-24 14:21:17:log:INFO: Starting Test Pi Motor
2022-12-24 14:21:17:power:Motor Battery Relay Created on pin: 14
2022-12-24 14:21:17:power:Motor Battery Relay on pin 14 turned: on
2022-12-24 14:21:51:log:INFO: Starting Test Pi Motor
2022-12-24 14:21:51:power:Motor Battery Relay Created on pin: 14
2022-12-24 14:21:51:power:Motor Battery Relay on pin 14 turned: on
2022-12-24 14:21:51:robot moved:RPI_Motor created with pins {fowrard} and {backward}
2022-12-24 14:21:51:encoder sensor:Encoder Sensor history reset
2022-12-24 14:21:51:encoder sensor:Created Digital Sensor on pin 26
2022-12-24 14:21:51:encoder sensor:Encoder Sensor history reset
2022-12-24 14:21:51:encoder sensor:Started Digital Sensor
2022-12-24 14:21:51:encoder sensor:Created Digital Sensor
2022-12-24 14:21:51:encoder sensor:Encoder Sensor history reset
2022-12-24 14:21:51:encoder sensor:Started Digital Sensor
2022-12-24 14:21:51:robot moved:RPI_Motor, on Pins {self._fowrard_pin} and {self._backward_pin}, moving at velocity: {self._motor.value}
2022-12-24 14:21:53:robot moved:RPI_Motor, on Pins {self._fowrard_pin} and {self._backward_pin}, moving at velocity: {self._motor.value}
2022-12-24 14:21:53:robot moved:RPI_Motor, on Pins {self._fowrard_pin} and {self._backward_pin}, destroyed
2022-12-24 14:21:53:power:Motor Battery Relay on pin 14 turned: off
2022-12-24 14:21:53:power:Motor Battery Relay on pin 14 destroyed
2022-12-24 14:21:53:encoder sensor:Stopped Digital Sensor
2022-12-24 14:21:53:encoder sensor:Distance: 0.00
2022-12-24 14:21:53:encoder sensor:Digital Sensor Destroyed on pin {self._signal_pin}
2022-12-24 14:21:55:power:Motor Battery Relay Created on pin: 14
2022-12-24 14:21:55:power:Motor Battery Relay on pin 14 turned: on
2022-12-24 14:21:55:robot moved:RPI_Motor created with pins {fowrard} and {backward}
2022-12-24 14:21:55:encoder sensor:Encoder Sensor history reset
2022-12-24 14:21:55:encoder sensor:Created Digital Sensor on pin 21
2022-12-24 14:21:55:encoder sensor:Encoder Sensor history reset
2022-12-24 14:21:55:encoder sensor:Started Digital Sensor
2022-12-24 14:21:55:encoder sensor:Created Digital Sensor
2022-12-24 14:21:55:encoder sensor:Encoder Sensor history reset
2022-12-24 14:21:55:encoder sensor:Started Digital Sensor
2022-12-24 14:21:55:robot moved:RPI_Motor, on Pins {self._fowrard_pin} and {self._backward_pin}, moving at velocity: {self._motor.value}
2022-12-24 14:21:57:robot moved:RPI_Motor, on Pins {self._fowrard_pin} and {self._backward_pin}, moving at velocity: {self._motor.value}
2022-12-24 14:21:57:robot moved:RPI_Motor, on Pins {self._fowrard_pin} and {self._backward_pin}, destroyed
2022-12-24 14:21:57:power:Motor Battery Relay on pin 14 turned: off
2022-12-24 14:21:57:power:Motor Battery Relay on pin 14 destroyed
2022-12-24 14:21:57:encoder sensor:Stopped Digital Sensor
2022-12-24 14:21:57:encoder sensor:Distance: 0.00
2022-12-24 14:21:57:encoder sensor:Digital Sensor Destroyed on pin {self._signal_pin}
2022-12-24 14:23:59:log:INFO: Starting Test Pi Motor
2022-12-24 14:23:59:power:Motor Battery Relay Created on pin: 14
2022-12-24 14:23:59:power:Motor Battery Relay on pin 14 turned: on
2022-12-24 14:23:59:robot moved:RPI_Motor created with pins {fowrard} and {backward}
2022-12-24 14:23:59:encoder sensor:Encoder Sensor history reset
2022-12-24 14:23:59:encoder sensor:Created Digital Sensor on pin 26
2022-12-24 14:23:59:encoder sensor:Encoder Sensor history reset
2022-12-24 14:23:59:encoder sensor:Started Digital Sensor
2022-12-24 14:23:59:encoder sensor:Created Digital Sensor
2022-12-24 14:23:59:encoder sensor:Encoder Sensor history reset
2022-12-24 14:23:59:encoder sensor:Started Digital Sensor
2022-12-24 14:23:59:robot moved:RPI_Motor, on Pins {self._fowrard_pin} and {self._backward_pin}, moving at velocity: {self._motor.value}
2022-12-24 14:24:01:robot moved:RPI_Motor, on Pins {self._fowrard_pin} and {self._backward_pin}, moving at velocity: {self._motor.value}
2022-12-24 14:24:01:robot moved:RPI_Motor, on Pins {self._fowrard_pin} and {self._backward_pin}, destroyed
2022-12-24 14:24:01:power:Motor Battery Relay on pin 14 turned: off
2022-12-24 14:24:01:power:Motor Battery Relay on pin 14 destroyed
2022-12-24 14:24:01:encoder sensor:Stopped Digital Sensor
2022-12-24 14:24:01:encoder sensor:Distance: 0.00
2022-12-24 14:24:01:encoder sensor:Digital Sensor Destroyed on pin {self._signal_pin}
2022-12-24 14:24:03:power:Motor Battery Relay Created on pin: 14
2022-12-24 14:24:03:power:Motor Battery Relay on pin 14 turned: on
2022-12-24 14:24:03:robot moved:RPI_Motor created with pins {fowrard} and {backward}
2022-12-24 14:24:03:encoder sensor:Encoder Sensor history reset
2022-12-24 14:24:03:encoder sensor:Created Digital Sensor on pin 21
2022-12-24 14:24:03:encoder sensor:Encoder Sensor history reset
2022-12-24 14:24:03:encoder sensor:Started Digital Sensor
2022-12-24 14:24:03:encoder sensor:Created Digital Sensor
2022-12-24 14:24:03:encoder sensor:Encoder Sensor history reset
2022-12-24 14:24:03:encoder sensor:Started Digital Sensor
2022-12-24 14:24:03:robot moved:RPI_Motor, on Pins {self._fowrard_pin} and {self._backward_pin}, moving at velocity: {self._motor.value}
2022-12-24 14:24:05:robot moved:RPI_Motor, on Pins {self._fowrard_pin} and {self._backward_pin}, moving at velocity: {self._motor.value}
2022-12-24 14:24:05:robot moved:RPI_Motor, on Pins {self._fowrard_pin} and {self._backward_pin}, destroyed
2022-12-24 14:24:05:power:Motor Battery Relay on pin 14 turned: off
2022-12-24 14:24:05:power:Motor Battery Relay on pin 14 destroyed
2022-12-24 14:24:05:encoder sensor:Stopped Digital Sensor
2022-12-24 14:24:05:encoder sensor:Distance: 0.00
2022-12-24 14:24:05:encoder sensor:Digital Sensor Destroyed on pin {self._signal_pin}
2022-12-24 14:27:18:log:INFO: Starting Test Pi Motor
2022-12-24 14:27:18:power:Motor Battery Relay Created on pin: 14
2022-12-24 14:27:18:power:Motor Battery Relay on pin 14 turned: on
2022-12-24 14:27:18:robot moved:RPI_Motor created with pins 4 and 17
2022-12-24 14:27:18:encoder sensor:Encoder Sensor history reset
2022-12-24 14:27:18:encoder sensor:Created Digital Sensor on pin 26
2022-12-24 14:27:18:encoder sensor:Encoder Sensor history reset
2022-12-24 14:27:18:encoder sensor:Started Digital Sensor
2022-12-24 14:27:18:encoder sensor:Created Digital Sensor
2022-12-24 14:27:18:encoder sensor:Encoder Sensor history reset
2022-12-24 14:27:18:encoder sensor:Started Digital Sensor
2022-12-24 14:27:18:robot moved:RPI_Motor, on Pins 4 and 17, moving at velocity: 0.5
2022-12-24 14:27:20:robot moved:RPI_Motor, on Pins 4 and 17, moving at velocity: 0.0
2022-12-24 14:27:20:robot moved:RPI_Motor, on Pins 4 and 17, destroyed
2022-12-24 14:27:20:power:Motor Battery Relay on pin 14 turned: off
2022-12-24 14:27:20:power:Motor Battery Relay on pin 14 destroyed
2022-12-24 14:27:20:encoder sensor:Stopped Digital Sensor
2022-12-24 14:27:20:encoder sensor:Distance: 0.00
2022-12-24 14:27:20:encoder sensor:Digital Sensor Destroyed on pin {self._signal_pin}
2022-12-24 14:27:22:power:Motor Battery Relay Created on pin: 14
2022-12-24 14:27:22:power:Motor Battery Relay on pin 14 turned: on
2022-12-24 14:27:22:robot moved:RPI_Motor created with pins 27 and 22
2022-12-24 14:27:22:encoder sensor:Encoder Sensor history reset
2022-12-24 14:27:22:encoder sensor:Created Digital Sensor on pin 21
2022-12-24 14:27:22:encoder sensor:Encoder Sensor history reset
2022-12-24 14:27:22:encoder sensor:Started Digital Sensor
2022-12-24 14:27:22:encoder sensor:Created Digital Sensor
2022-12-24 14:27:22:encoder sensor:Encoder Sensor history reset
2022-12-24 14:27:22:encoder sensor:Started Digital Sensor
2022-12-24 14:27:22:robot moved:RPI_Motor, on Pins 27 and 22, moving at velocity: 0.5
2022-12-24 14:27:24:robot moved:RPI_Motor, on Pins 27 and 22, moving at velocity: 0.0
2022-12-24 14:27:24:robot moved:RPI_Motor, on Pins 27 and 22, destroyed
2022-12-24 14:27:24:power:Motor Battery Relay on pin 14 turned: off
2022-12-24 14:27:24:power:Motor Battery Relay on pin 14 destroyed
2022-12-24 14:27:24:encoder sensor:Stopped Digital Sensor
2022-12-24 14:27:24:encoder sensor:Distance: 0.00
2022-12-24 14:27:24:encoder sensor:Digital Sensor Destroyed on pin {self._signal_pin}
2022-12-24 14:30:19:log:INFO: Starting Test Pi Motor
2022-12-24 14:30:19:power:Motor Battery Relay Created on pin: 14
2022-12-24 14:30:19:power:Motor Battery Relay on pin 14 turned: on
2022-12-24 14:30:19:robot moved:RPI_Motor created with pins 4 and 17
2022-12-24 14:30:19:encoder sensor:Encoder Sensor history reset
2022-12-24 14:30:19:encoder sensor:Created Digital Sensor on pin 26
2022-12-24 14:30:19:encoder sensor:Encoder Sensor history reset
2022-12-24 14:30:19:encoder sensor:Started Digital Sensor 26
2022-12-24 14:30:19:encoder sensor:Encoder Sensor history reset
2022-12-24 14:30:19:encoder sensor:Started Digital Sensor 26
2022-12-24 14:30:19:robot moved:RPI_Motor, on Pins 4 and 17, moving at velocity: 0.5
2022-12-24 14:30:21:robot moved:RPI_Motor, on Pins 4 and 17, moving at velocity: 0.0
2022-12-24 14:30:21:robot moved:RPI_Motor, on Pins 4 and 17, destroyed
2022-12-24 14:30:21:power:Motor Battery Relay on pin 14 turned: off
2022-12-24 14:30:21:power:Motor Battery Relay on pin 14 destroyed
2022-12-24 14:30:21:encoder sensor:Stopped Digital Sensor on pin 26
2022-12-24 14:30:21:encoder sensor:Distance: 0.00
2022-12-24 14:30:21:encoder sensor:Digital Sensor Destroyed on pin 26
2022-12-24 14:30:23:power:Motor Battery Relay Created on pin: 14
2022-12-24 14:30:23:power:Motor Battery Relay on pin 14 turned: on
2022-12-24 14:30:23:robot moved:RPI_Motor created with pins 27 and 22
2022-12-24 14:30:23:encoder sensor:Encoder Sensor history reset
2022-12-24 14:30:23:encoder sensor:Created Digital Sensor on pin 21
2022-12-24 14:30:23:encoder sensor:Encoder Sensor history reset
2022-12-24 14:30:23:encoder sensor:Started Digital Sensor 21
2022-12-24 14:30:23:encoder sensor:Encoder Sensor history reset
2022-12-24 14:30:23:encoder sensor:Started Digital Sensor 21
2022-12-24 14:30:23:robot moved:RPI_Motor, on Pins 27 and 22, moving at velocity: 0.5
2022-12-24 14:30:25:robot moved:RPI_Motor, on Pins 27 and 22, moving at velocity: 0.0
2022-12-24 14:30:25:robot moved:RPI_Motor, on Pins 27 and 22, destroyed
2022-12-24 14:30:25:power:Motor Battery Relay on pin 14 turned: off
2022-12-24 14:30:25:power:Motor Battery Relay on pin 14 destroyed
2022-12-24 14:30:25:encoder sensor:Stopped Digital Sensor on pin 21
2022-12-24 14:30:25:encoder sensor:Distance: 0.00
2022-12-24 14:30:25:encoder sensor:Digital Sensor Destroyed on pin 21
2022-12-24 14:35:37:log:INFO: Starting Test Pi Motor
2022-12-24 14:35:37:power:Motor Battery Relay Created on pin: 14
2022-12-24 14:35:37:power:Motor Battery Relay on pin 14 turned: on
2022-12-24 14:35:37:robot moved:RPI_Motor created with pins 4 and 17
2022-12-24 14:35:37:encoder sensor:Created Digital Sensor on pin 26
2022-12-24 14:35:37:encoder sensor:Encoder Sensor history reset
2022-12-24 14:35:37:encoder sensor:Started Digital Sensor 26
2022-12-24 14:35:37:encoder sensor:Encoder Sensor history reset
2022-12-24 14:35:37:encoder sensor:Started Digital Sensor 26
2022-12-24 14:35:37:robot moved:RPI_Motor, on Pins 4 and 17, moving at velocity: 0.5
2022-12-24 14:35:39:robot moved:RPI_Motor, on Pins 4 and 17, moving at velocity: 0.0
2022-12-24 14:35:39:robot moved:RPI_Motor, on Pins 4 and 17, destroyed
2022-12-24 14:35:39:power:Motor Battery Relay on pin 14 turned: off
2022-12-24 14:35:39:power:Motor Battery Relay on pin 14 destroyed
2022-12-24 14:35:39:encoder sensor:Stopped Digital Sensor on pin 26
2022-12-24 14:35:39:encoder sensor:Distance: 0.00
2022-12-24 14:35:39:encoder sensor:Digital Sensor Destroyed on pin 26
2022-12-24 14:35:41:power:Motor Battery Relay Created on pin: 14
2022-12-24 14:35:41:power:Motor Battery Relay on pin 14 turned: on
2022-12-24 14:35:41:robot moved:RPI_Motor created with pins 27 and 22
2022-12-24 14:35:41:encoder sensor:Created Digital Sensor on pin 21
2022-12-24 14:35:41:encoder sensor:Encoder Sensor history reset
2022-12-24 14:35:41:encoder sensor:Started Digital Sensor 21
2022-12-24 14:35:41:encoder sensor:Encoder Sensor history reset
2022-12-24 14:35:41:encoder sensor:Started Digital Sensor 21
2022-12-24 14:35:41:robot moved:RPI_Motor, on Pins 27 and 22, moving at velocity: 0.5
2022-12-24 14:35:43:robot moved:RPI_Motor, on Pins 27 and 22, moving at velocity: 0.0
2022-12-24 14:35:43:robot moved:RPI_Motor, on Pins 27 and 22, destroyed
2022-12-24 14:35:43:power:Motor Battery Relay on pin 14 turned: off
2022-12-24 14:35:43:power:Motor Battery Relay on pin 14 destroyed
2022-12-24 14:35:43:encoder sensor:Stopped Digital Sensor on pin 21
2022-12-24 14:35:43:encoder sensor:Distance: 0.00
2022-12-24 14:35:43:encoder sensor:Digital Sensor Destroyed on pin 21
2022-12-24 14:52:34:log:INFO: Starting Test Pi Motor
2022-12-24 14:52:34:power:Motor Battery Relay Created on pin: 14
2022-12-24 14:52:34:power:Motor Battery Relay on pin 14 turned: on
2022-12-24 14:52:34:robot moved:RPI_Motor created with pins 4 and 17
2022-12-24 14:52:34:encoder sensor:Created Digital Sensor on pin 26
2022-12-24 14:52:34:encoder sensor:Started Digital Sensor 26
2022-12-24 14:52:34:encoder sensor:Encoder Sensor history reset
2022-12-24 14:52:34:robot moved:RPI_Motor, on Pins 4 and 17, moving at velocity: 0.5
2022-12-24 14:52:36:robot moved:RPI_Motor, on Pins 4 and 17, moving at velocity: 0.0
2022-12-24 14:52:36:robot moved:RPI_Motor, on Pins 4 and 17, destroyed
2022-12-24 14:52:36:power:Motor Battery Relay on pin 14 turned: off
2022-12-24 14:52:36:power:Motor Battery Relay on pin 14 destroyed
2022-12-24 14:52:36:encoder sensor:Stopped Digital Sensor on pin 26
2022-12-24 14:52:36:encoder sensor:Distance: 0.00
2022-12-24 14:52:36:encoder sensor:Digital Sensor Destroyed on pin 26
2022-12-24 14:52:38:power:Motor Battery Relay Created on pin: 14
2022-12-24 14:52:38:power:Motor Battery Relay on pin 14 turned: on
2022-12-24 14:52:38:robot moved:RPI_Motor created with pins 27 and 22
2022-12-24 14:52:38:encoder sensor:Created Digital Sensor on pin 21
2022-12-24 14:52:38:encoder sensor:Started Digital Sensor 21
2022-12-24 14:52:38:encoder sensor:Encoder Sensor history reset
2022-12-24 14:52:38:robot moved:RPI_Motor, on Pins 27 and 22, moving at velocity: 0.5
2022-12-24 14:52:40:robot moved:RPI_Motor, on Pins 27 and 22, moving at velocity: 0.0
2022-12-24 14:52:40:robot moved:RPI_Motor, on Pins 27 and 22, destroyed
2022-12-24 14:52:40:power:Motor Battery Relay on pin 14 turned: off
2022-12-24 14:52:40:power:Motor Battery Relay on pin 14 destroyed
2022-12-24 14:52:40:encoder sensor:Stopped Digital Sensor on pin 21
2022-12-24 14:52:40:encoder sensor:Distance: 0.00
2022-12-24 14:52:40:encoder sensor:Digital Sensor Destroyed on pin 21
2022-12-24 14:58:08:log:INFO: Starting Test Pi Motor
2022-12-24 14:58:20:log:INFO: Starting Test Pi Motor
2022-12-24 14:58:26:log:INFO: Starting Test Pi Motor
2022-12-24 14:58:26:log:INFO:Starting Test No.: 1
2022-12-24 14:58:26:power:Motor Battery Relay Created on pin: 14
2022-12-24 14:58:26:power:Motor Battery Relay on pin 14 turned: on
2022-12-24 14:58:26:robot moved:RPI_Motor created with pins 4 and 17
2022-12-24 14:58:26:encoder sensor:Created Digital Sensor on pin 26
2022-12-24 14:58:26:encoder sensor:Started Digital Sensor 26
2022-12-24 14:58:26:encoder sensor:Encoder Sensor history reset
2022-12-24 14:58:26:robot moved:RPI_Motor, on Pins 4 and 17, moving at velocity: 0.5
2022-12-24 14:58:28:robot moved:RPI_Motor, on Pins 4 and 17, moving at velocity: 0.0
2022-12-24 14:58:28:robot moved:RPI_Motor, on Pins 4 and 17, destroyed
2022-12-24 14:58:28:power:Motor Battery Relay on pin 14 turned: off
2022-12-24 14:58:28:power:Motor Battery Relay on pin 14 destroyed
2022-12-24 14:58:28:encoder sensor:Stopped Digital Sensor on pin 26
2022-12-24 14:58:28:encoder sensor:Distance: 0.00
2022-12-24 14:58:28:encoder sensor:Digital Sensor Destroyed on pin 26
2022-12-24 14:58:28:log:INFO:Starting Test No.: 2
2022-12-24 14:58:28:log:INFO:Wait step for 2.0 seconds
2022-12-24 14:58:30:log:INFO:Starting Test No.: 3
2022-12-24 14:58:30:power:Motor Battery Relay Created on pin: 14
2022-12-24 14:58:30:power:Motor Battery Relay on pin 14 turned: on
2022-12-24 14:58:30:robot moved:RPI_Motor created with pins 27 and 22
2022-12-24 14:58:30:encoder sensor:Created Digital Sensor on pin 21
2022-12-24 14:58:30:encoder sensor:Started Digital Sensor 21
2022-12-24 14:58:30:encoder sensor:Encoder Sensor history reset
2022-12-24 14:58:30:robot moved:RPI_Motor, on Pins 27 and 22, moving at velocity: 0.5
2022-12-24 14:58:32:robot moved:RPI_Motor, on Pins 27 and 22, moving at velocity: 0.0
2022-12-24 14:58:32:robot moved:RPI_Motor, on Pins 27 and 22, destroyed
2022-12-24 14:58:32:power:Motor Battery Relay on pin 14 turned: off
2022-12-24 14:58:32:power:Motor Battery Relay on pin 14 destroyed
2022-12-24 14:58:32:encoder sensor:Stopped Digital Sensor on pin 21
2022-12-24 14:58:32:encoder sensor:Distance: 0.00
2022-12-24 14:58:32:encoder sensor:Digital Sensor Destroyed on pin 21
