2023-01-02 16:04:03:log:INFO: Starting Test Pi Motor
2023-01-02 16:04:03:log:WARNING:In csv file, 'tests/function/progtest_left50-10s_right50-10s.csv', line 2, motor_power_pin is invalid GPIO number, 0.
2023-01-02 16:04:03:log:WARNING:In csv file, 'tests/function/progtest_left50-10s_right50-10s.csv, line 2, motor_pin_fwd is invalid GPIO number, 0.
2023-01-02 16:04:03:log:WARNING:In csv file, 'tests/function/progtest_left50-10s_right50-10s.csv, line 2, motor_pin_rwd is invalid GPIO number, 0.
2023-01-02 16:04:03:log:WARNING:In csv file, 'tests/function/progtest_left50-10s_right50-10s.csv', line 2, encoder_pin is invalid GPIO number, 0.
2023-01-02 16:04:03:log:Found 3 tests
2023-01-02 16:04:03:log:INFO:Starting Test No.: 1
2023-01-02 16:04:03:power:Motor Battery Relay Created on pin: 14
2023-01-02 16:04:03:power:Motor Battery Relay on pin 14 turned: on
2023-01-02 16:04:03:robot moved:RPI_Motor created with pins 4 and 17
2023-01-02 16:04:03:encoder sensor:Created Digital Sensor on pin 26
2023-01-02 16:04:03:encoder sensor:Started Digital Sensor 26
2023-01-02 16:04:03:encoder sensor:Encoder Sensor history reset
2023-01-02 16:04:03:robot moved:RPI_Motor, on Pins 4 and 17, moving at velocity: 0.5
2023-01-02 16:04:03:robot moved:RPI_Motor, on Pins 4 and 17, moving at velocity: 0.5
2023-01-02 16:04:03:encoder sensor:Adding position: time: 1672693443.7967486, pos.: 0.025
2023-01-02 16:04:03:robot moved:RPI_Motor, on Pins 4 and 17, moving at velocity: 0.5
2023-01-02 16:04:03:encoder sensor:Adding position: time: 1672693443.8503304, pos.: 0.05
2023-01-02 16:04:03:robot moved:RPI_Motor, on Pins 4 and 17, moving at velocity: 0.5
2023-01-02 16:04:03:encoder sensor:Adding position: time: 1672693443.8642752, pos.: 0.07500000000000001
2023-01-02 16:04:03:robot moved:RPI_Motor, on Pins 4 and 17, moving at velocity: 0.5
2023-01-02 16:04:03:encoder sensor:Adding position: time: 1672693443.8776455, pos.: 0.1
2023-01-02 16:04:03:robot moved:RPI_Motor, on Pins 4 and 17, moving at velocity: 0.5
2023-01-02 16:04:03:encoder sensor:Adding position: time: 1672693443.951803, pos.: 0.125
2023-01-02 16:04:03:robot moved:RPI_Motor, on Pins 4 and 17, moving at velocity: 0.5
2023-01-02 16:04:03:encoder sensor:Adding position: time: 1672693443.995487, pos.: 0.15
2023-01-02 16:04:04:robot moved:RPI_Motor, on Pins 4 and 17, moving at velocity: 0.5
2023-01-02 16:04:04:encoder sensor:Adding position: time: 1672693444.0390608, pos.: 0.175
2023-01-02 16:04:04:robot moved:RPI_Motor, on Pins 4 and 17, moving at velocity: 0.5
2023-01-02 16:04:04:encoder sensor:Adding position: time: 1672693444.2040231, pos.: 0.19999999999999998
2023-01-02 16:04:04:robot moved:RPI_Motor, on Pins 4 and 17, moving at velocity: 0.5
2023-01-02 16:04:04:encoder sensor:Adding position: time: 1672693444.5106173, pos.: 0.22499999999999998
2023-01-02 16:04:04:robot moved:RPI_Motor, on Pins 4 and 17, moving at velocity: 0.5
2023-01-02 16:04:04:encoder sensor:Adding position: time: 1672693444.554461, pos.: 0.24999999999999997
2023-01-02 16:04:04:robot moved:RPI_Motor, on Pins 4 and 17, moving at velocity: 0.5
2023-01-02 16:04:04:encoder sensor:Adding position: time: 1672693444.5977697, pos.: 0.27499999999999997
2023-01-02 16:04:04:robot moved:RPI_Motor, on Pins 4 and 17, moving at velocity: 0.5
2023-01-02 16:04:04:encoder sensor:Adding position: time: 1672693444.6407163, pos.: 0.3
2023-01-02 16:04:04:robot moved:RPI_Motor, on Pins 4 and 17, moving at velocity: 0.5
2023-01-02 16:04:04:encoder sensor:Adding position: time: 1672693444.7140236, pos.: 0.325
2023-01-02 16:04:04:robot moved:RPI_Motor, on Pins 4 and 17, moving at velocity: 0.5
2023-01-02 16:04:04:encoder sensor:Adding position: time: 1672693444.757462, pos.: 0.35000000000000003
2023-01-02 16:04:04:robot moved:RPI_Motor, on Pins 4 and 17, moving at velocity: 0.5
2023-01-02 16:04:04:encoder sensor:Adding position: time: 1672693444.931858, pos.: 0.37500000000000006
2023-01-02 16:04:04:robot moved:RPI_Motor, on Pins 4 and 17, moving at velocity: 0.5
2023-01-02 16:04:04:encoder sensor:Adding position: time: 1672693444.9748583, pos.: 0.4000000000000001
2023-01-02 16:04:05:robot moved:RPI_Motor, on Pins 4 and 17, moving at velocity: 0.5
2023-01-02 16:04:05:encoder sensor:Adding position: time: 1672693445.0177386, pos.: 0.4250000000000001
2023-01-02 16:04:05:robot moved:RPI_Motor, on Pins 4 and 17, moving at velocity: 0.5
2023-01-02 16:04:05:encoder sensor:Adding position: time: 1672693445.0604656, pos.: 0.4500000000000001
2023-01-02 16:04:05:robot moved:RPI_Motor, on Pins 4 and 17, moving at velocity: 0.5
2023-01-02 16:04:05:encoder sensor:Adding position: time: 1672693445.2142997, pos.: 0.47500000000000014
2023-01-02 16:04:05:robot moved:RPI_Motor, on Pins 4 and 17, moving at velocity: 0.5
2023-01-02 16:04:05:encoder sensor:Adding position: time: 1672693445.3075268, pos.: 0.5000000000000001
2023-01-02 16:04:05:robot moved:RPI_Motor, on Pins 4 and 17, moving at velocity: 0.5
2023-01-02 16:04:05:encoder sensor:Adding position: time: 1672693445.3502758, pos.: 0.5250000000000001
2023-01-02 16:04:05:robot moved:RPI_Motor, on Pins 4 and 17, moving at velocity: 0.5
2023-01-02 16:04:05:encoder sensor:Adding position: time: 1672693445.4738038, pos.: 0.5500000000000002
2023-01-02 16:04:05:robot moved:RPI_Motor, on Pins 4 and 17, moving at velocity: 0.5
2023-01-02 16:04:05:encoder sensor:Adding position: time: 1672693445.516477, pos.: 0.5750000000000002
2023-01-02 16:04:05:robot moved:RPI_Motor, on Pins 4 and 17, moving at velocity: 0.5
2023-01-02 16:04:05:encoder sensor:Adding position: time: 1672693445.5591743, pos.: 0.6000000000000002
2023-01-02 16:04:05:robot moved:RPI_Motor, on Pins 4 and 17, moving at velocity: 0.5
2023-01-02 16:04:05:encoder sensor:Adding position: time: 1672693445.6019208, pos.: 0.6250000000000002
2023-01-02 16:04:05:robot moved:RPI_Motor, on Pins 4 and 17, moving at velocity: 0.5
2023-01-02 16:04:05:encoder sensor:Adding position: time: 1672693445.6446269, pos.: 0.6500000000000002
2023-01-02 16:04:05:robot moved:RPI_Motor, on Pins 4 and 17, moving at velocity: 0.5
2023-01-02 16:04:05:encoder sensor:Adding position: time: 1672693445.6874046, pos.: 0.6750000000000003
2023-01-02 16:04:05:robot moved:RPI_Motor, on Pins 4 and 17, moving at velocity: 0.0
2023-01-02 16:04:05:robot moved:RPI_Motor, on Pins 4 and 17, destroyed
2023-01-02 16:04:05:power:Motor Battery Relay on pin 14 turned: off
2023-01-02 16:04:05:power:Motor Battery Relay on pin 14 destroyed
2023-01-02 16:04:05:encoder sensor:Stopped Digital Sensor on pin 26
2023-01-02 16:04:05:encoder sensor:Distance: 0.68
2023-01-02 16:13:42:log:INFO: Starting Test Pi Motor
2023-01-02 16:13:42:log:WARNING:In csv file, 'tests/function/progtest_left50-10s_right50-10s.csv', line 2, motor_power_pin is invalid GPIO number, 0.
2023-01-02 16:13:42:log:WARNING:In csv file, 'tests/function/progtest_left50-10s_right50-10s.csv, line 2, motor_pin_fwd is invalid GPIO number, 0.
2023-01-02 16:13:42:log:WARNING:In csv file, 'tests/function/progtest_left50-10s_right50-10s.csv, line 2, motor_pin_rwd is invalid GPIO number, 0.
2023-01-02 16:13:42:log:WARNING:In csv file, 'tests/function/progtest_left50-10s_right50-10s.csv', line 2, encoder_pin is invalid GPIO number, 0.
2023-01-02 16:13:42:log:Found 3 tests
2023-01-02 16:13:42:log:INFO:Starting Test No.: 1
2023-01-02 16:13:42:power:Motor Battery Relay Created on pin: 14
2023-01-02 16:13:42:power:Motor Battery Relay on pin 14 turned: on
2023-01-02 16:13:42:robot moved:RPI_Motor created with pins 4 and 17
2023-01-02 16:13:42:encoder sensor:Created Digital Sensor on pin 26
2023-01-02 16:13:42:encoder sensor:Started Digital Sensor 26
2023-01-02 16:13:42:encoder sensor:Encoder Sensor history reset
2023-01-02 16:13:42:robot moved:RPI_Motor, on Pins 4 and 17, moving at velocity: 0.5
2023-01-02 16:13:42:robot moved:RPI_Motor, on Pins 4 and 17, moving at velocity: 0.5
2023-01-02 16:13:42:encoder sensor:Adding position: time: 1672694022.6249602, pos.: 0.025
2023-01-02 16:13:42:robot moved:RPI_Motor, on Pins 4 and 17, moving at velocity: 0.5
2023-01-02 16:13:42:encoder sensor:Adding position: time: 1672694022.6378021, pos.: 0.05
2023-01-02 16:13:42:robot moved:RPI_Motor, on Pins 4 and 17, moving at velocity: 0.5
2023-01-02 16:13:42:encoder sensor:Adding position: time: 1672694022.6607125, pos.: 0.07500000000000001
2023-01-02 16:13:42:robot moved:RPI_Motor, on Pins 4 and 17, moving at velocity: 0.5
2023-01-02 16:13:42:encoder sensor:Adding position: time: 1672694022.6735435, pos.: 0.1
2023-01-02 16:13:42:robot moved:RPI_Motor, on Pins 4 and 17, moving at velocity: 0.5
2023-01-02 16:13:42:encoder sensor:Adding position: time: 1672694022.6963217, pos.: 0.125
2023-01-02 16:13:42:robot moved:RPI_Motor, on Pins 4 and 17, moving at velocity: 0.5
2023-01-02 16:13:42:encoder sensor:Adding position: time: 1672694022.7394934, pos.: 0.15
2023-01-02 16:13:42:robot moved:RPI_Motor, on Pins 4 and 17, moving at velocity: 0.5
2023-01-02 16:13:42:encoder sensor:Adding position: time: 1672694022.8735173, pos.: 0.175
2023-01-02 16:13:42:robot moved:RPI_Motor, on Pins 4 and 17, moving at velocity: 0.5
2023-01-02 16:13:42:encoder sensor:Adding position: time: 1672694022.946942, pos.: 0.19999999999999998
2023-01-02 16:13:43:robot moved:RPI_Motor, on Pins 4 and 17, moving at velocity: 0.5
2023-01-02 16:13:43:encoder sensor:Adding position: time: 1672694023.1718976, pos.: 0.22499999999999998
2023-01-02 16:13:43:robot moved:RPI_Motor, on Pins 4 and 17, moving at velocity: 0.5
2023-01-02 16:13:43:encoder sensor:Adding position: time: 1672694023.215118, pos.: 0.24999999999999997
2023-01-02 16:13:43:robot moved:RPI_Motor, on Pins 4 and 17, moving at velocity: 0.5
2023-01-02 16:13:43:encoder sensor:Adding position: time: 1672694023.3390708, pos.: 0.27499999999999997
2023-01-02 16:13:43:robot moved:RPI_Motor, on Pins 4 and 17, moving at velocity: 0.5
2023-01-02 16:13:43:encoder sensor:Adding position: time: 1672694023.3821728, pos.: 0.3
2023-01-02 16:13:43:robot moved:RPI_Motor, on Pins 4 and 17, moving at velocity: 0.5
2023-01-02 16:13:43:encoder sensor:Adding position: time: 1672694023.4252555, pos.: 0.325
2023-01-02 16:13:43:robot moved:RPI_Motor, on Pins 4 and 17, moving at velocity: 0.5
2023-01-02 16:13:43:encoder sensor:Adding position: time: 1672694023.7006745, pos.: 0.35000000000000003
2023-01-02 16:13:43:robot moved:RPI_Motor, on Pins 4 and 17, moving at velocity: 0.5
2023-01-02 16:13:43:encoder sensor:Adding position: time: 1672694023.743819, pos.: 0.37500000000000006
2023-01-02 16:13:43:robot moved:RPI_Motor, on Pins 4 and 17, moving at velocity: 0.5
2023-01-02 16:13:43:encoder sensor:Adding position: time: 1672694023.7869713, pos.: 0.4000000000000001
2023-01-02 16:13:43:robot moved:RPI_Motor, on Pins 4 and 17, moving at velocity: 0.5
2023-01-02 16:13:43:encoder sensor:Adding position: time: 1672694023.8297822, pos.: 0.4250000000000001
2023-01-02 16:13:43:robot moved:RPI_Motor, on Pins 4 and 17, moving at velocity: 0.5
2023-01-02 16:13:43:encoder sensor:Adding position: time: 1672694023.8725245, pos.: 0.4500000000000001
2023-01-02 16:13:43:robot moved:RPI_Motor, on Pins 4 and 17, moving at velocity: 0.5
2023-01-02 16:13:43:encoder sensor:Adding position: time: 1672694023.9152899, pos.: 0.47500000000000014
2023-01-02 16:13:43:robot moved:RPI_Motor, on Pins 4 and 17, moving at velocity: 0.5
2023-01-02 16:13:43:encoder sensor:Adding position: time: 1672694023.9580047, pos.: 0.5000000000000001
2023-01-02 16:13:44:robot moved:RPI_Motor, on Pins 4 and 17, moving at velocity: 0.5
2023-01-02 16:13:44:encoder sensor:Adding position: time: 1672694024.0007102, pos.: 0.5250000000000001
2023-01-02 16:13:44:robot moved:RPI_Motor, on Pins 4 and 17, moving at velocity: 0.5
2023-01-02 16:13:44:encoder sensor:Adding position: time: 1672694024.0434494, pos.: 0.5500000000000002
2023-01-02 16:13:44:robot moved:RPI_Motor, on Pins 4 and 17, moving at velocity: 0.5
2023-01-02 16:13:44:encoder sensor:Adding position: time: 1672694024.0861664, pos.: 0.5750000000000002
2023-01-02 16:13:44:robot moved:RPI_Motor, on Pins 4 and 17, moving at velocity: 0.5
2023-01-02 16:13:44:encoder sensor:Adding position: time: 1672694024.1692173, pos.: 0.6000000000000002
2023-01-02 16:13:44:robot moved:RPI_Motor, on Pins 4 and 17, moving at velocity: 0.5
2023-01-02 16:13:44:encoder sensor:Adding position: time: 1672694024.1815555, pos.: 0.6250000000000002
2023-01-02 16:13:44:robot moved:RPI_Motor, on Pins 4 and 17, moving at velocity: 0.5
2023-01-02 16:13:44:encoder sensor:Adding position: time: 1672694024.1939487, pos.: 0.6500000000000002
2023-01-02 16:13:44:robot moved:RPI_Motor, on Pins 4 and 17, moving at velocity: 0.5
2023-01-02 16:13:44:encoder sensor:Adding position: time: 1672694024.2972054, pos.: 0.6750000000000003
2023-01-02 16:13:44:robot moved:RPI_Motor, on Pins 4 and 17, moving at velocity: 0.5
2023-01-02 16:13:44:encoder sensor:Adding position: time: 1672694024.33989, pos.: 0.7000000000000003
2023-01-02 16:13:44:robot moved:RPI_Motor, on Pins 4 and 17, moving at velocity: 0.5
2023-01-02 16:13:44:encoder sensor:Adding position: time: 1672694024.3826482, pos.: 0.7250000000000003
2023-01-02 16:13:44:robot moved:RPI_Motor, on Pins 4 and 17, moving at velocity: 0.5
2023-01-02 16:13:44:encoder sensor:Adding position: time: 1672694024.5162554, pos.: 0.7500000000000003
2023-01-02 16:13:44:robot moved:RPI_Motor, on Pins 4 and 17, moving at velocity: 0.5
2023-01-02 16:13:44:encoder sensor:Adding position: time: 1672694024.5589375, pos.: 0.7750000000000004
2023-01-02 16:13:44:robot moved:RPI_Motor, on Pins 4 and 17, moving at velocity: 0.0
2023-01-02 16:13:44:robot moved:RPI_Motor, on Pins 4 and 17, destroyed
2023-01-02 16:13:44:power:Motor Battery Relay on pin 14 turned: off
2023-01-02 16:13:44:power:Motor Battery Relay on pin 14 destroyed
2023-01-02 16:13:44:encoder sensor:Stopped Digital Sensor on pin 26
2023-01-02 16:13:44:encoder sensor:Distance: 0.78
2023-01-02 16:16:14:log:INFO: Starting Test Pi Motor
2023-01-02 16:16:14:log:WARNING:In csv file, 'tests/function/progtest_left50-10s_right50-10s.csv', line 2, motor_power_pin is invalid GPIO number, 0.
2023-01-02 16:16:14:log:WARNING:In csv file, 'tests/function/progtest_left50-10s_right50-10s.csv, line 2, motor_pin_fwd is invalid GPIO number, 0.
2023-01-02 16:16:14:log:WARNING:In csv file, 'tests/function/progtest_left50-10s_right50-10s.csv, line 2, motor_pin_rwd is invalid GPIO number, 0.
2023-01-02 16:16:14:log:WARNING:In csv file, 'tests/function/progtest_left50-10s_right50-10s.csv', line 2, encoder_pin is invalid GPIO number, 0.
2023-01-02 16:16:14:log:Found 3 tests
2023-01-02 16:16:14:log:INFO:Starting Test No.: 1
2023-01-02 16:16:14:power:Motor Battery Relay Created on pin: 14
2023-01-02 16:16:14:power:Motor Battery Relay on pin 14 turned: on
2023-01-02 16:16:14:robot moved:RPI_Motor created with pins 4 and 17
2023-01-02 16:16:14:encoder sensor:Created Digital Sensor on pin 26
2023-01-02 16:16:14:encoder sensor:Started Digital Sensor 26
2023-01-02 16:16:14:encoder sensor:Encoder Sensor history reset
2023-01-02 16:16:14:robot moved:RPI_Motor, on Pins 4 and 17, moving at velocity: 0.5
2023-01-02 16:16:14:robot moved:RPI_Motor, on Pins 4 and 17, moving at velocity: 0.5
2023-01-02 16:16:14:encoder sensor:Adding position: time: 1672694174.524701, pos.: 0.025
2023-01-02 16:16:14:robot moved:RPI_Motor, on Pins 4 and 17, moving at velocity: 0.5
2023-01-02 16:16:14:encoder sensor:Adding position: time: 1672694174.538223, pos.: 0.05
2023-01-02 16:16:14:robot moved:RPI_Motor, on Pins 4 and 17, moving at velocity: 0.5
2023-01-02 16:16:14:encoder sensor:Adding position: time: 1672694174.7126677, pos.: 0.07500000000000001
2023-01-02 16:16:14:robot moved:RPI_Motor, on Pins 4 and 17, moving at velocity: 0.5
2023-01-02 16:16:14:encoder sensor:Adding position: time: 1672694174.756434, pos.: 0.1
2023-01-02 16:16:14:robot moved:RPI_Motor, on Pins 4 and 17, moving at velocity: 0.5
2023-01-02 16:16:14:encoder sensor:Adding position: time: 1672694174.8003569, pos.: 0.125
2023-01-02 16:16:14:robot moved:RPI_Motor, on Pins 4 and 17, moving at velocity: 0.5
2023-01-02 16:16:14:encoder sensor:Adding position: time: 1672694174.8441584, pos.: 0.15
2023-01-02 16:16:14:robot moved:RPI_Motor, on Pins 4 and 17, moving at velocity: 0.5
2023-01-02 16:16:14:encoder sensor:Adding position: time: 1672694174.8882284, pos.: 0.175
2023-01-02 16:16:14:robot moved:RPI_Motor, on Pins 4 and 17, moving at velocity: 0.5
2023-01-02 16:16:14:encoder sensor:Adding position: time: 1672694174.9320924, pos.: 0.19999999999999998
2023-01-02 16:16:15:robot moved:RPI_Motor, on Pins 4 and 17, moving at velocity: 0.5
2023-01-02 16:16:15:encoder sensor:Adding position: time: 1672694175.056791, pos.: 0.22499999999999998
2023-01-02 16:16:15:robot moved:RPI_Motor, on Pins 4 and 17, moving at velocity: 0.5
2023-01-02 16:16:15:encoder sensor:Adding position: time: 1672694175.191468, pos.: 0.24999999999999997
2023-01-02 16:16:15:robot moved:RPI_Motor, on Pins 4 and 17, moving at velocity: 0.5
2023-01-02 16:16:15:encoder sensor:Adding position: time: 1672694175.235252, pos.: 0.27499999999999997
2023-01-02 16:16:15:robot moved:RPI_Motor, on Pins 4 and 17, moving at velocity: 0.5
2023-01-02 16:16:15:encoder sensor:Adding position: time: 1672694175.2792275, pos.: 0.3
2023-01-02 16:16:15:robot moved:RPI_Motor, on Pins 4 and 17, moving at velocity: 0.5
2023-01-02 16:16:15:encoder sensor:Adding position: time: 1672694175.3231485, pos.: 0.325
2023-01-02 16:16:15:robot moved:RPI_Motor, on Pins 4 and 17, moving at velocity: 0.5
2023-01-02 16:16:15:encoder sensor:Adding position: time: 1672694175.3672736, pos.: 0.35000000000000003
2023-01-02 16:16:15:robot moved:RPI_Motor, on Pins 4 and 17, moving at velocity: 0.5
2023-01-02 16:16:15:encoder sensor:Adding position: time: 1672694175.411115, pos.: 0.37500000000000006
2023-01-02 16:16:15:robot moved:RPI_Motor, on Pins 4 and 17, moving at velocity: 0.5
2023-01-02 16:16:15:encoder sensor:Adding position: time: 1672694175.454959, pos.: 0.4000000000000001
2023-01-02 16:16:15:robot moved:RPI_Motor, on Pins 4 and 17, moving at velocity: 0.5
2023-01-02 16:16:15:encoder sensor:Adding position: time: 1672694175.4988875, pos.: 0.4250000000000001
2023-01-02 16:16:15:robot moved:RPI_Motor, on Pins 4 and 17, moving at velocity: 0.5
2023-01-02 16:16:15:encoder sensor:Adding position: time: 1672694175.713792, pos.: 0.4500000000000001
2023-01-02 16:16:15:robot moved:RPI_Motor, on Pins 4 and 17, moving at velocity: 0.5
2023-01-02 16:16:15:encoder sensor:Adding position: time: 1672694175.7565064, pos.: 0.47500000000000014
2023-01-02 16:16:15:robot moved:RPI_Motor, on Pins 4 and 17, moving at velocity: 0.5
2023-01-02 16:16:15:encoder sensor:Adding position: time: 1672694175.7993307, pos.: 0.5000000000000001
2023-01-02 16:16:15:robot moved:RPI_Motor, on Pins 4 and 17, moving at velocity: 0.5
2023-01-02 16:16:15:encoder sensor:Adding position: time: 1672694175.8420606, pos.: 0.5250000000000001
2023-01-02 16:16:15:robot moved:RPI_Motor, on Pins 4 and 17, moving at velocity: 0.5
2023-01-02 16:16:15:encoder sensor:Adding position: time: 1672694175.91501, pos.: 0.5500000000000002
2023-01-02 16:16:15:robot moved:RPI_Motor, on Pins 4 and 17, moving at velocity: 0.5
2023-01-02 16:16:15:encoder sensor:Adding position: time: 1672694175.9880111, pos.: 0.5750000000000002
2023-01-02 16:16:16:robot moved:RPI_Motor, on Pins 4 and 17, moving at velocity: 0.5
2023-01-02 16:16:16:encoder sensor:Adding position: time: 1672694176.0307133, pos.: 0.6000000000000002
2023-01-02 16:16:16:robot moved:RPI_Motor, on Pins 4 and 17, moving at velocity: 0.5
2023-01-02 16:16:16:encoder sensor:Adding position: time: 1672694176.0733984, pos.: 0.6250000000000002
2023-01-02 16:16:16:robot moved:RPI_Motor, on Pins 4 and 17, moving at velocity: 0.5
2023-01-02 16:16:16:encoder sensor:Adding position: time: 1672694176.1160438, pos.: 0.6500000000000002
2023-01-02 16:16:16:robot moved:RPI_Motor, on Pins 4 and 17, moving at velocity: 0.5
2023-01-02 16:16:16:encoder sensor:Adding position: time: 1672694176.2496762, pos.: 0.6750000000000003
2023-01-02 16:16:16:robot moved:RPI_Motor, on Pins 4 and 17, moving at velocity: 0.5
2023-01-02 16:16:16:encoder sensor:Adding position: time: 1672694176.3227258, pos.: 0.7000000000000003
2023-01-02 16:16:16:robot moved:RPI_Motor, on Pins 4 and 17, moving at velocity: 0.5
2023-01-02 16:16:16:encoder sensor:Adding position: time: 1672694176.3653612, pos.: 0.7250000000000003
2023-01-02 16:16:16:robot moved:RPI_Motor, on Pins 4 and 17, moving at velocity: 0.5
2023-01-02 16:16:16:encoder sensor:Adding position: time: 1672694176.4079936, pos.: 0.7500000000000003
2023-01-02 16:16:16:robot moved:RPI_Motor, on Pins 4 and 17, moving at velocity: 0.0
2023-01-02 16:16:16:robot moved:RPI_Motor, on Pins 4 and 17, destroyed
2023-01-02 16:16:16:power:Motor Battery Relay on pin 14 turned: off
2023-01-02 16:16:16:power:Motor Battery Relay on pin 14 destroyed
2023-01-02 16:16:16:encoder sensor:Stopped Digital Sensor on pin 26
2023-01-02 16:16:16:encoder sensor:Distance: 0.75
2023-01-02 16:16:16:encoder sensor:Speed: 0.57
2023-01-02 16:16:16:encoder sensor:Accel: 0.78
2023-01-02 16:16:16:encoder sensor:Jerk: 12.67
2023-01-02 16:16:16:encoder sensor:Digital Sensor Destroyed on pin 26
2023-01-02 16:16:16:log:INFO:Starting Test No.: 2
2023-01-02 16:16:16:log:INFO:Wait step for 2.0 seconds
2023-01-02 16:16:18:log:INFO:Starting Test No.: 3
2023-01-02 16:16:18:power:Motor Battery Relay Created on pin: 14
2023-01-02 16:16:18:power:Motor Battery Relay on pin 14 turned: on
2023-01-02 16:16:18:robot moved:RPI_Motor created with pins 27 and 22
2023-01-02 16:16:18:encoder sensor:Created Digital Sensor on pin 21
2023-01-02 16:16:18:encoder sensor:Started Digital Sensor 21
2023-01-02 16:16:18:encoder sensor:Encoder Sensor history reset
2023-01-02 16:16:18:robot moved:RPI_Motor, on Pins 27 and 22, moving at velocity: 0.5
2023-01-02 16:16:18:robot moved:RPI_Motor, on Pins 27 and 22, moving at velocity: 0.5
2023-01-02 16:16:18:encoder sensor:Adding position: time: 1672694178.5500262, pos.: 0.025
2023-01-02 16:16:18:robot moved:RPI_Motor, on Pins 27 and 22, moving at velocity: 0.5
2023-01-02 16:16:18:encoder sensor:Adding position: time: 1672694178.562973, pos.: 0.05
2023-01-02 16:16:18:robot moved:RPI_Motor, on Pins 27 and 22, moving at velocity: 0.5
2023-01-02 16:16:18:encoder sensor:Adding position: time: 1672694178.585756, pos.: 0.07500000000000001
2023-01-02 16:16:18:robot moved:RPI_Motor, on Pins 27 and 22, moving at velocity: 0.5
2023-01-02 16:16:18:encoder sensor:Adding position: time: 1672694178.6792588, pos.: 0.1
2023-01-02 16:16:18:robot moved:RPI_Motor, on Pins 27 and 22, moving at velocity: 0.5
2023-01-02 16:16:18:encoder sensor:Adding position: time: 1672694178.702094, pos.: 0.125
2023-01-02 16:16:18:robot moved:RPI_Motor, on Pins 27 and 22, moving at velocity: 0.5
2023-01-02 16:16:18:encoder sensor:Adding position: time: 1672694178.7249503, pos.: 0.15
2023-01-02 16:16:18:robot moved:RPI_Motor, on Pins 27 and 22, moving at velocity: 0.5
2023-01-02 16:16:18:encoder sensor:Adding position: time: 1672694178.73773, pos.: 0.175
2023-01-02 16:16:19:robot moved:RPI_Motor, on Pins 27 and 22, moving at velocity: 0.5
2023-01-02 16:16:19:encoder sensor:Adding position: time: 1672694179.1558151, pos.: 0.19999999999999998
2023-01-02 16:16:19:robot moved:RPI_Motor, on Pins 27 and 22, moving at velocity: 0.5
2023-01-02 16:16:19:encoder sensor:Adding position: time: 1672694179.1715806, pos.: 0.22499999999999998
2023-01-02 16:16:19:robot moved:RPI_Motor, on Pins 27 and 22, moving at velocity: 0.5
2023-01-02 16:16:19:encoder sensor:Adding position: time: 1672694179.1877708, pos.: 0.24999999999999997
2023-01-02 16:16:19:robot moved:RPI_Motor, on Pins 27 and 22, moving at velocity: 0.5
2023-01-02 16:16:19:encoder sensor:Adding position: time: 1672694179.223951, pos.: 0.27499999999999997
2023-01-02 16:16:19:robot moved:RPI_Motor, on Pins 27 and 22, moving at velocity: 0.5
2023-01-02 16:16:19:encoder sensor:Adding position: time: 1672694179.2890236, pos.: 0.3
2023-01-02 16:16:19:robot moved:RPI_Motor, on Pins 27 and 22, moving at velocity: 0.5
2023-01-02 16:16:19:encoder sensor:Adding position: time: 1672694179.3035727, pos.: 0.325
2023-01-02 16:16:19:robot moved:RPI_Motor, on Pins 27 and 22, moving at velocity: 0.5
2023-01-02 16:16:19:encoder sensor:Adding position: time: 1672694179.318408, pos.: 0.35000000000000003
2023-01-02 16:16:19:robot moved:RPI_Motor, on Pins 27 and 22, moving at velocity: 0.5
2023-01-02 16:16:19:encoder sensor:Adding position: time: 1672694179.3436546, pos.: 0.37500000000000006
2023-01-02 16:16:19:robot moved:RPI_Motor, on Pins 27 and 22, moving at velocity: 0.5
2023-01-02 16:16:19:encoder sensor:Adding position: time: 1672694179.3689988, pos.: 0.4000000000000001
2023-01-02 16:16:19:robot moved:RPI_Motor, on Pins 27 and 22, moving at velocity: 0.5
2023-01-02 16:16:19:encoder sensor:Adding position: time: 1672694179.384118, pos.: 0.4250000000000001
2023-01-02 16:16:19:robot moved:RPI_Motor, on Pins 27 and 22, moving at velocity: 0.5
2023-01-02 16:16:19:encoder sensor:Adding position: time: 1672694179.3990023, pos.: 0.4500000000000001
2023-01-02 16:16:19:robot moved:RPI_Motor, on Pins 27 and 22, moving at velocity: 0.5
2023-01-02 16:16:19:encoder sensor:Adding position: time: 1672694179.4241033, pos.: 0.47500000000000014
2023-01-02 16:16:19:robot moved:RPI_Motor, on Pins 27 and 22, moving at velocity: 0.5
2023-01-02 16:16:19:encoder sensor:Adding position: time: 1672694179.6721494, pos.: 0.5000000000000001
2023-01-02 16:16:19:robot moved:RPI_Motor, on Pins 27 and 22, moving at velocity: 0.5
2023-01-02 16:16:19:encoder sensor:Adding position: time: 1672694179.6881044, pos.: 0.5250000000000001
2023-01-02 16:16:19:robot moved:RPI_Motor, on Pins 27 and 22, moving at velocity: 0.5
2023-01-02 16:16:19:encoder sensor:Adding position: time: 1672694179.7039757, pos.: 0.5500000000000002
2023-01-02 16:16:19:robot moved:RPI_Motor, on Pins 27 and 22, moving at velocity: 0.5
2023-01-02 16:16:19:encoder sensor:Adding position: time: 1672694179.740018, pos.: 0.5750000000000002
2023-01-02 16:16:19:robot moved:RPI_Motor, on Pins 27 and 22, moving at velocity: 0.5
2023-01-02 16:16:19:encoder sensor:Adding position: time: 1672694179.9272845, pos.: 0.6000000000000002
2023-01-02 16:16:19:robot moved:RPI_Motor, on Pins 27 and 22, moving at velocity: 0.5
2023-01-02 16:16:19:encoder sensor:Adding position: time: 1672694179.9431093, pos.: 0.6250000000000002
2023-01-02 16:16:19:robot moved:RPI_Motor, on Pins 27 and 22, moving at velocity: 0.5
2023-01-02 16:16:19:encoder sensor:Adding position: time: 1672694179.9588404, pos.: 0.6500000000000002
2023-01-02 16:16:20:robot moved:RPI_Motor, on Pins 27 and 22, moving at velocity: 0.5
2023-01-02 16:16:20:encoder sensor:Adding position: time: 1672694180.015349, pos.: 0.6750000000000003
2023-01-02 16:16:20:robot moved:RPI_Motor, on Pins 27 and 22, moving at velocity: 0.5
2023-01-02 16:16:20:encoder sensor:Adding position: time: 1672694180.0308557, pos.: 0.7000000000000003
2023-01-02 16:16:20:robot moved:RPI_Motor, on Pins 27 and 22, moving at velocity: 0.5
2023-01-02 16:16:20:encoder sensor:Adding position: time: 1672694180.0452788, pos.: 0.7250000000000003
2023-01-02 16:16:20:robot moved:RPI_Motor, on Pins 27 and 22, moving at velocity: 0.5
2023-01-02 16:16:20:encoder sensor:Adding position: time: 1672694180.2425227, pos.: 0.7500000000000003
2023-01-02 16:16:20:robot moved:RPI_Motor, on Pins 27 and 22, moving at velocity: 0.5
2023-01-02 16:16:20:encoder sensor:Adding position: time: 1672694180.258321, pos.: 0.7750000000000004
2023-01-02 16:16:20:robot moved:RPI_Motor, on Pins 27 and 22, moving at velocity: 0.5
2023-01-02 16:16:20:encoder sensor:Adding position: time: 1672694180.2739682, pos.: 0.8000000000000004
2023-01-02 16:16:20:robot moved:RPI_Motor, on Pins 27 and 22, moving at velocity: 0.5
2023-01-02 16:16:20:encoder sensor:Adding position: time: 1672694180.3100078, pos.: 0.8250000000000004
2023-01-02 16:16:20:robot moved:RPI_Motor, on Pins 27 and 22, moving at velocity: 0.0
2023-01-02 16:16:20:robot moved:RPI_Motor, on Pins 27 and 22, destroyed
2023-01-02 16:16:20:power:Motor Battery Relay on pin 14 turned: off
2023-01-02 16:16:20:power:Motor Battery Relay on pin 14 destroyed
2023-01-02 16:16:20:encoder sensor:Stopped Digital Sensor on pin 21
2023-01-02 16:16:20:encoder sensor:Distance: 0.83
2023-01-02 16:16:20:encoder sensor:Speed: 1.18
2023-01-02 16:16:20:encoder sensor:Accel: 16.19
2023-01-02 16:16:20:encoder sensor:Jerk: 167.38
2023-01-02 16:16:20:encoder sensor:Digital Sensor Destroyed on pin 21
2023-01-02 16:17:12:log:INFO: Starting Test Pi Motor
2023-01-02 16:17:12:log:WARNING:In csv file, 'tests/function/progtest_left50-10s_right50-10s.csv', line 2, motor_power_pin is invalid GPIO number, 0.
2023-01-02 16:17:12:log:WARNING:In csv file, 'tests/function/progtest_left50-10s_right50-10s.csv, line 2, motor_pin_fwd is invalid GPIO number, 0.
2023-01-02 16:17:12:log:WARNING:In csv file, 'tests/function/progtest_left50-10s_right50-10s.csv, line 2, motor_pin_rwd is invalid GPIO number, 0.
2023-01-02 16:17:12:log:WARNING:In csv file, 'tests/function/progtest_left50-10s_right50-10s.csv', line 2, encoder_pin is invalid GPIO number, 0.
2023-01-02 16:17:12:log:Found 3 tests
2023-01-02 16:17:12:log:INFO:Starting Test No.: 1
2023-01-02 16:17:12:power:Motor Battery Relay Created on pin: 14
2023-01-02 16:17:12:power:Motor Battery Relay on pin 14 turned: on
2023-01-02 16:17:12:robot moved:RPI_Motor created with pins 4 and 17
2023-01-02 16:17:12:encoder sensor:Created Digital Sensor on pin 26
2023-01-02 16:17:12:encoder sensor:Started Digital Sensor 26
2023-01-02 16:17:12:encoder sensor:Encoder Sensor history reset
2023-01-02 16:17:12:robot moved:RPI_Motor, on Pins 4 and 17, moving at velocity: 0.5
2023-01-02 16:17:12:robot moved:RPI_Motor, on Pins 4 and 17, moving at velocity: 0.5
2023-01-02 16:17:12:encoder sensor:Adding position: time: 1672694232.9955723, pos.: 0.025
2023-01-02 16:17:13:robot moved:RPI_Motor, on Pins 4 and 17, moving at velocity: 0.5
2023-01-02 16:17:13:encoder sensor:Adding position: time: 1672694233.0063906, pos.: 0.05
2023-01-02 16:17:13:robot moved:RPI_Motor, on Pins 4 and 17, moving at velocity: 0.5
2023-01-02 16:17:13:encoder sensor:Adding position: time: 1672694233.0170982, pos.: 0.07500000000000001
2023-01-02 16:17:13:robot moved:RPI_Motor, on Pins 4 and 17, moving at velocity: 0.5
2023-01-02 16:17:13:encoder sensor:Adding position: time: 1672694233.0479348, pos.: 0.1
2023-01-02 16:17:13:robot moved:RPI_Motor, on Pins 4 and 17, moving at velocity: 0.5
2023-01-02 16:17:13:encoder sensor:Adding position: time: 1672694233.0586035, pos.: 0.125
2023-01-02 16:17:13:robot moved:RPI_Motor, on Pins 4 and 17, moving at velocity: 0.5
2023-01-02 16:17:13:encoder sensor:Adding position: time: 1672694233.0692048, pos.: 0.15
2023-01-02 16:17:13:robot moved:RPI_Motor, on Pins 4 and 17, moving at velocity: 0.5
2023-01-02 16:17:13:encoder sensor:Adding position: time: 1672694233.0899034, pos.: 0.175
2023-01-02 16:17:13:robot moved:RPI_Motor, on Pins 4 and 17, moving at velocity: 0.5
2023-01-02 16:17:13:encoder sensor:Adding position: time: 1672694233.1308203, pos.: 0.19999999999999998
2023-01-02 16:17:13:robot moved:RPI_Motor, on Pins 4 and 17, moving at velocity: 0.5
2023-01-02 16:17:13:encoder sensor:Adding position: time: 1672694233.2930748, pos.: 0.22499999999999998
2023-01-02 16:17:13:robot moved:RPI_Motor, on Pins 4 and 17, moving at velocity: 0.5
2023-01-02 16:17:13:encoder sensor:Adding position: time: 1672694233.3340406, pos.: 0.24999999999999997
2023-01-02 16:17:13:robot moved:RPI_Motor, on Pins 4 and 17, moving at velocity: 0.5
2023-01-02 16:17:13:encoder sensor:Adding position: time: 1672694233.3749595, pos.: 0.27499999999999997
2023-01-02 16:17:13:robot moved:RPI_Motor, on Pins 4 and 17, moving at velocity: 0.5
2023-01-02 16:17:13:encoder sensor:Adding position: time: 1672694233.476495, pos.: 0.3
2023-01-02 16:17:13:robot moved:RPI_Motor, on Pins 4 and 17, moving at velocity: 0.5
2023-01-02 16:17:13:encoder sensor:Adding position: time: 1672694233.547777, pos.: 0.325
2023-01-02 16:17:13:robot moved:RPI_Motor, on Pins 4 and 17, moving at velocity: 0.5
2023-01-02 16:17:13:encoder sensor:Adding position: time: 1672694233.5887077, pos.: 0.35000000000000003
2023-01-02 16:17:13:robot moved:RPI_Motor, on Pins 4 and 17, moving at velocity: 0.5
2023-01-02 16:17:13:encoder sensor:Adding position: time: 1672694233.6296577, pos.: 0.37500000000000006
2023-01-02 16:17:13:robot moved:RPI_Motor, on Pins 4 and 17, moving at velocity: 0.5
2023-01-02 16:17:13:encoder sensor:Adding position: time: 1672694233.6705742, pos.: 0.4000000000000001
2023-01-02 16:17:13:robot moved:RPI_Motor, on Pins 4 and 17, moving at velocity: 0.5
2023-01-02 16:17:13:encoder sensor:Adding position: time: 1672694233.7115164, pos.: 0.4250000000000001
2023-01-02 16:17:13:robot moved:RPI_Motor, on Pins 4 and 17, moving at velocity: 0.5
2023-01-02 16:17:13:encoder sensor:Adding position: time: 1672694233.8130424, pos.: 0.4500000000000001
2023-01-02 16:17:13:robot moved:RPI_Motor, on Pins 4 and 17, moving at velocity: 0.5
2023-01-02 16:17:13:encoder sensor:Adding position: time: 1672694233.8539722, pos.: 0.47500000000000014
2023-01-02 16:17:13:robot moved:RPI_Motor, on Pins 4 and 17, moving at velocity: 0.5
2023-01-02 16:17:13:encoder sensor:Adding position: time: 1672694233.8949003, pos.: 0.5000000000000001
2023-01-02 16:17:13:robot moved:RPI_Motor, on Pins 4 and 17, moving at velocity: 0.5
2023-01-02 16:17:13:encoder sensor:Adding position: time: 1672694233.935805, pos.: 0.5250000000000001
2023-01-02 16:17:14:robot moved:RPI_Motor, on Pins 4 and 17, moving at velocity: 0.5
2023-01-02 16:17:14:encoder sensor:Adding position: time: 1672694234.067629, pos.: 0.5500000000000002
2023-01-02 16:17:14:robot moved:RPI_Motor, on Pins 4 and 17, moving at velocity: 0.5
2023-01-02 16:17:14:encoder sensor:Adding position: time: 1672694234.2197177, pos.: 0.5750000000000002
2023-01-02 16:17:14:robot moved:RPI_Motor, on Pins 4 and 17, moving at velocity: 0.5
2023-01-02 16:17:14:encoder sensor:Adding position: time: 1672694234.2607214, pos.: 0.6000000000000002
2023-01-02 16:17:14:robot moved:RPI_Motor, on Pins 4 and 17, moving at velocity: 0.5
2023-01-02 16:17:14:encoder sensor:Adding position: time: 1672694234.3319933, pos.: 0.6250000000000002
2023-01-02 16:17:14:robot moved:RPI_Motor, on Pins 4 and 17, moving at velocity: 0.5
2023-01-02 16:17:14:encoder sensor:Adding position: time: 1672694234.3729134, pos.: 0.6500000000000002
2023-01-02 16:17:14:robot moved:RPI_Motor, on Pins 4 and 17, moving at velocity: 0.5
2023-01-02 16:17:14:encoder sensor:Adding position: time: 1672694234.4138455, pos.: 0.6750000000000003
2023-01-02 16:17:14:robot moved:RPI_Motor, on Pins 4 and 17, moving at velocity: 0.5
2023-01-02 16:17:14:encoder sensor:Adding position: time: 1672694234.454754, pos.: 0.7000000000000003
2023-01-02 16:17:14:robot moved:RPI_Motor, on Pins 4 and 17, moving at velocity: 0.5
2023-01-02 16:17:14:encoder sensor:Adding position: time: 1672694234.495666, pos.: 0.7250000000000003
2023-01-02 16:17:14:robot moved:RPI_Motor, on Pins 4 and 17, moving at velocity: 0.5
2023-01-02 16:17:14:encoder sensor:Adding position: time: 1672694234.6577942, pos.: 0.7500000000000003
2023-01-02 16:17:14:robot moved:RPI_Motor, on Pins 4 and 17, moving at velocity: 0.5
2023-01-02 16:17:14:encoder sensor:Adding position: time: 1672694234.6987782, pos.: 0.7750000000000004
2023-01-02 16:17:14:robot moved:RPI_Motor, on Pins 4 and 17, moving at velocity: 0.5
2023-01-02 16:17:14:encoder sensor:Adding position: time: 1672694234.7396946, pos.: 0.8000000000000004
2023-01-02 16:17:14:robot moved:RPI_Motor, on Pins 4 and 17, moving at velocity: 0.5
2023-01-02 16:17:14:encoder sensor:Adding position: time: 1672694234.7806027, pos.: 0.8250000000000004
2023-01-02 16:17:14:robot moved:RPI_Motor, on Pins 4 and 17, moving at velocity: 0.5
2023-01-02 16:17:14:encoder sensor:Adding position: time: 1672694234.8518302, pos.: 0.8500000000000004
2023-01-02 16:17:14:robot moved:RPI_Motor, on Pins 4 and 17, moving at velocity: 0.5
2023-01-02 16:17:14:encoder sensor:Adding position: time: 1672694234.8927276, pos.: 0.8750000000000004
2023-01-02 16:17:14:robot moved:RPI_Motor, on Pins 4 and 17, moving at velocity: 0.5
2023-01-02 16:17:14:encoder sensor:Adding position: time: 1672694234.933706, pos.: 0.9000000000000005
2023-01-02 16:17:14:robot moved:RPI_Motor, on Pins 4 and 17, moving at velocity: 0.0
2023-01-02 16:17:14:robot moved:RPI_Motor, on Pins 4 and 17, destroyed
2023-01-02 16:17:14:power:Motor Battery Relay on pin 14 turned: off
2023-01-02 16:17:14:power:Motor Battery Relay on pin 14 destroyed
2023-01-02 16:17:14:encoder sensor:Stopped Digital Sensor on pin 26
2023-01-02 16:17:14:encoder sensor:Distance: 0.90
2023-01-02 16:17:14:encoder sensor:Speed: 0.79
2023-01-02 16:17:14:encoder sensor:Accel: 1.97
2023-01-02 16:17:14:encoder sensor:Jerk: 62.11
2023-01-02 16:17:14:encoder sensor:Digital Sensor Destroyed on pin 26
2023-01-02 16:17:14:log:INFO:Starting Test No.: 2
2023-01-02 16:17:14:log:INFO:Wait step for 2.0 seconds
2023-01-02 16:17:16:log:INFO:Starting Test No.: 3
2023-01-02 16:17:16:power:Motor Battery Relay Created on pin: 14
2023-01-02 16:17:16:power:Motor Battery Relay on pin 14 turned: on
2023-01-02 16:17:16:robot moved:RPI_Motor created with pins 27 and 22
2023-01-02 16:17:16:encoder sensor:Created Digital Sensor on pin 21
2023-01-02 16:17:16:encoder sensor:Started Digital Sensor 21
2023-01-02 16:17:16:encoder sensor:Encoder Sensor history reset
2023-01-02 16:17:16:robot moved:RPI_Motor, on Pins 27 and 22, moving at velocity: 0.5
2023-01-02 16:17:17:robot moved:RPI_Motor, on Pins 27 and 22, moving at velocity: 0.5
2023-01-02 16:17:17:encoder sensor:Adding position: time: 1672694237.0308304, pos.: 0.025
2023-01-02 16:17:17:robot moved:RPI_Motor, on Pins 27 and 22, moving at velocity: 0.5
2023-01-02 16:17:17:encoder sensor:Adding position: time: 1672694237.1729858, pos.: 0.05
2023-01-02 16:17:17:robot moved:RPI_Motor, on Pins 27 and 22, moving at velocity: 0.5
2023-01-02 16:17:17:encoder sensor:Adding position: time: 1672694237.183741, pos.: 0.07500000000000001
2023-01-02 16:17:17:robot moved:RPI_Motor, on Pins 27 and 22, moving at velocity: 0.5
2023-01-02 16:17:17:encoder sensor:Adding position: time: 1672694237.2044723, pos.: 0.1
2023-01-02 16:17:17:robot moved:RPI_Motor, on Pins 27 and 22, moving at velocity: 0.5
2023-01-02 16:17:17:encoder sensor:Adding position: time: 1672694237.2150905, pos.: 0.125
2023-01-02 16:17:17:robot moved:RPI_Motor, on Pins 27 and 22, moving at velocity: 0.5
2023-01-02 16:17:17:encoder sensor:Adding position: time: 1672694237.8441849, pos.: 0.15
2023-01-02 16:17:17:robot moved:RPI_Motor, on Pins 27 and 22, moving at velocity: 0.5
2023-01-02 16:17:17:encoder sensor:Adding position: time: 1672694237.8620539, pos.: 0.175
2023-01-02 16:17:17:robot moved:RPI_Motor, on Pins 27 and 22, moving at velocity: 0.5
2023-01-02 16:17:17:encoder sensor:Adding position: time: 1672694237.8735416, pos.: 0.19999999999999998
2023-01-02 16:17:17:robot moved:RPI_Motor, on Pins 27 and 22, moving at velocity: 0.5
2023-01-02 16:17:17:encoder sensor:Adding position: time: 1672694237.8951015, pos.: 0.22499999999999998
2023-01-02 16:17:17:robot moved:RPI_Motor, on Pins 27 and 22, moving at velocity: 0.5
2023-01-02 16:17:17:encoder sensor:Adding position: time: 1672694237.916669, pos.: 0.24999999999999997
2023-01-02 16:17:17:robot moved:RPI_Motor, on Pins 27 and 22, moving at velocity: 0.5
2023-01-02 16:17:17:encoder sensor:Adding position: time: 1672694237.9280934, pos.: 0.27499999999999997
2023-01-02 16:17:17:robot moved:RPI_Motor, on Pins 27 and 22, moving at velocity: 0.5
2023-01-02 16:17:17:encoder sensor:Adding position: time: 1672694237.9497142, pos.: 0.3
2023-01-02 16:17:17:robot moved:RPI_Motor, on Pins 27 and 22, moving at velocity: 0.5
2023-01-02 16:17:17:encoder sensor:Adding position: time: 1672694237.9609022, pos.: 0.325
2023-01-02 16:17:18:robot moved:RPI_Motor, on Pins 27 and 22, moving at velocity: 0.5
2023-01-02 16:17:18:encoder sensor:Adding position: time: 1672694238.440588, pos.: 0.35000000000000003
2023-01-02 16:17:18:robot moved:RPI_Motor, on Pins 27 and 22, moving at velocity: 0.5
2023-01-02 16:17:18:encoder sensor:Adding position: time: 1672694238.4522073, pos.: 0.37500000000000006
2023-01-02 16:17:18:robot moved:RPI_Motor, on Pins 27 and 22, moving at velocity: 0.5
2023-01-02 16:17:18:encoder sensor:Adding position: time: 1672694238.473837, pos.: 0.4000000000000001
2023-01-02 16:17:18:robot moved:RPI_Motor, on Pins 27 and 22, moving at velocity: 0.5
2023-01-02 16:17:18:encoder sensor:Adding position: time: 1672694238.4852405, pos.: 0.4250000000000001
2023-01-02 16:17:18:robot moved:RPI_Motor, on Pins 27 and 22, moving at velocity: 0.0
2023-01-02 16:17:18:robot moved:RPI_Motor, on Pins 27 and 22, destroyed
2023-01-02 16:17:18:power:Motor Battery Relay on pin 14 turned: off
2023-01-02 16:17:18:power:Motor Battery Relay on pin 14 destroyed
2023-01-02 16:17:18:encoder sensor:Stopped Digital Sensor on pin 21
2023-01-02 16:17:18:encoder sensor:Distance: 0.43
2023-01-02 16:17:18:encoder sensor:Speed: 1.32
2023-01-02 16:17:18:encoder sensor:Accel: 41.04
2023-01-02 16:17:18:encoder sensor:Jerk: 2975.61
2023-01-02 16:17:18:encoder sensor:Digital Sensor Destroyed on pin 21
