2023-01-02 16:27:42:log:INFO: Starting Test Pi Motor
2023-01-02 16:27:42:log:WARNING:In csv file, 'tests/function/progtest_left50-2x20s_right50-2x20s.csv', line 2, motor_power_pin is invalid GPIO number, 0.
2023-01-02 16:27:42:log:WARNING:In csv file, 'tests/function/progtest_left50-2x20s_right50-2x20s.csv, line 2, motor_pin_fwd is invalid GPIO number, 0.
2023-01-02 16:27:42:log:WARNING:In csv file, 'tests/function/progtest_left50-2x20s_right50-2x20s.csv, line 2, motor_pin_rwd is invalid GPIO number, 0.
2023-01-02 16:27:42:log:WARNING:In csv file, 'tests/function/progtest_left50-2x20s_right50-2x20s.csv', line 2, encoder_pin is invalid GPIO number, 0.
2023-01-02 16:27:42:log:WARNING:In csv file, 'tests/function/progtest_left50-2x20s_right50-2x20s.csv', line 4, motor_power_pin is invalid GPIO number, 0.
2023-01-02 16:27:42:log:WARNING:In csv file, 'tests/function/progtest_left50-2x20s_right50-2x20s.csv, line 4, motor_pin_fwd is invalid GPIO number, 0.
2023-01-02 16:27:42:log:WARNING:In csv file, 'tests/function/progtest_left50-2x20s_right50-2x20s.csv, line 4, motor_pin_rwd is invalid GPIO number, 0.
2023-01-02 16:27:42:log:WARNING:In csv file, 'tests/function/progtest_left50-2x20s_right50-2x20s.csv', line 4, encoder_pin is invalid GPIO number, 0.
2023-01-02 16:27:42:log:WARNING:In csv file, 'tests/function/progtest_left50-2x20s_right50-2x20s.csv', line 6, motor_power_pin is invalid GPIO number, 0.
2023-01-02 16:27:42:log:WARNING:In csv file, 'tests/function/progtest_left50-2x20s_right50-2x20s.csv, line 6, motor_pin_fwd is invalid GPIO number, 0.
2023-01-02 16:27:42:log:WARNING:In csv file, 'tests/function/progtest_left50-2x20s_right50-2x20s.csv, line 6, motor_pin_rwd is invalid GPIO number, 0.
2023-01-02 16:27:42:log:WARNING:In csv file, 'tests/function/progtest_left50-2x20s_right50-2x20s.csv', line 6, encoder_pin is invalid GPIO number, 0.
2023-01-02 16:27:42:log:Found 7 tests
2023-01-02 16:27:42:log:INFO:Starting Test No.: 1
2023-01-02 16:27:42:power:Motor Battery Relay Created on pin: 14
2023-01-02 16:27:42:power:Motor Battery Relay on pin 14 turned: on
2023-01-02 16:27:42:robot moved:RPI_Motor created with pins 4 and 17
2023-01-02 16:27:42:encoder sensor:Created Digital Sensor on pin 26
2023-01-02 16:27:42:encoder sensor:Started Digital Sensor 26
2023-01-02 16:27:42:encoder sensor:Encoder Sensor history reset
2023-01-02 16:27:42:robot moved:RPI_Motor, on Pins 4 and 17, moving at velocity: 0.5
2023-01-02 16:27:42:robot moved:RPI_Motor, on Pins 4 and 17, moving at velocity: 0.5
2023-01-02 16:27:42:encoder sensor:Adding position: time: 1672694862.3579843, pos.: 0.025
2023-01-02 16:27:42:robot moved:RPI_Motor, on Pins 4 and 17, moving at velocity: 0.5
2023-01-02 16:27:42:encoder sensor:Adding position: time: 1672694862.4295824, pos.: 0.05
2023-01-02 16:27:42:robot moved:RPI_Motor, on Pins 4 and 17, moving at velocity: 0.5
2023-01-02 16:27:42:encoder sensor:Adding position: time: 1672694862.4706194, pos.: 0.07500000000000001
2023-01-02 16:27:42:robot moved:RPI_Motor, on Pins 4 and 17, moving at velocity: 0.5
2023-01-02 16:27:42:encoder sensor:Adding position: time: 1672694862.5115755, pos.: 0.1
2023-01-02 16:27:42:robot moved:RPI_Motor, on Pins 4 and 17, moving at velocity: 0.5
2023-01-02 16:27:42:encoder sensor:Adding position: time: 1672694862.5828242, pos.: 0.125
2023-01-02 16:27:42:robot moved:RPI_Motor, on Pins 4 and 17, moving at velocity: 0.5
2023-01-02 16:27:42:encoder sensor:Adding position: time: 1672694862.6843607, pos.: 0.15
2023-01-02 16:27:42:robot moved:RPI_Motor, on Pins 4 and 17, moving at velocity: 0.5
2023-01-02 16:27:42:encoder sensor:Adding position: time: 1672694862.725356, pos.: 0.175
2023-01-02 16:27:42:robot moved:RPI_Motor, on Pins 4 and 17, moving at velocity: 0.5
2023-01-02 16:27:42:encoder sensor:Adding position: time: 1672694862.766291, pos.: 0.19999999999999998
2023-01-02 16:27:42:robot moved:RPI_Motor, on Pins 4 and 17, moving at velocity: 0.5
2023-01-02 16:27:42:encoder sensor:Adding position: time: 1672694862.9183426, pos.: 0.22499999999999998
2023-01-02 16:27:42:robot moved:RPI_Motor, on Pins 4 and 17, moving at velocity: 0.5
2023-01-02 16:27:42:encoder sensor:Adding position: time: 1672694862.9593215, pos.: 0.24999999999999997
2023-01-02 16:27:43:robot moved:RPI_Motor, on Pins 4 and 17, moving at velocity: 0.5
2023-01-02 16:27:43:encoder sensor:Adding position: time: 1672694863.0811408, pos.: 0.27499999999999997
2023-01-02 16:27:43:robot moved:RPI_Motor, on Pins 4 and 17, moving at velocity: 0.5
2023-01-02 16:27:43:encoder sensor:Adding position: time: 1672694863.1827705, pos.: 0.3
2023-01-02 16:27:43:robot moved:RPI_Motor, on Pins 4 and 17, moving at velocity: 0.5
2023-01-02 16:27:43:encoder sensor:Adding position: time: 1672694863.2237296, pos.: 0.325
2023-01-02 16:27:43:robot moved:RPI_Motor, on Pins 4 and 17, moving at velocity: 0.5
2023-01-02 16:27:43:encoder sensor:Adding position: time: 1672694863.2646756, pos.: 0.35000000000000003
2023-01-02 16:27:43:robot moved:RPI_Motor, on Pins 4 and 17, moving at velocity: 0.5
2023-01-02 16:27:43:encoder sensor:Adding position: time: 1672694863.3056366, pos.: 0.37500000000000006
2023-01-02 16:27:43:robot moved:RPI_Motor, on Pins 4 and 17, moving at velocity: 0.5
2023-01-02 16:27:43:encoder sensor:Adding position: time: 1672694863.3466008, pos.: 0.4000000000000001
2023-01-02 16:27:43:robot moved:RPI_Motor, on Pins 4 and 17, moving at velocity: 0.5
2023-01-02 16:27:43:encoder sensor:Adding position: time: 1672694863.3875253, pos.: 0.4250000000000001
2023-01-02 16:27:43:robot moved:RPI_Motor, on Pins 4 and 17, moving at velocity: 0.5
2023-01-02 16:27:43:encoder sensor:Adding position: time: 1672694863.458741, pos.: 0.4500000000000001
2023-01-02 16:27:43:robot moved:RPI_Motor, on Pins 4 and 17, moving at velocity: 0.5
2023-01-02 16:27:43:encoder sensor:Adding position: time: 1672694863.499653, pos.: 0.47500000000000014
2023-01-02 16:27:43:robot moved:RPI_Motor, on Pins 4 and 17, moving at velocity: 0.5
2023-01-02 16:27:43:encoder sensor:Adding position: time: 1672694863.5405593, pos.: 0.5000000000000001
2023-01-02 16:27:43:robot moved:RPI_Motor, on Pins 4 and 17, moving at velocity: 0.5
2023-01-02 16:27:43:encoder sensor:Adding position: time: 1672694863.5814955, pos.: 0.5250000000000001
2023-01-02 16:27:43:robot moved:RPI_Motor, on Pins 4 and 17, moving at velocity: 0.5
2023-01-02 16:27:43:encoder sensor:Adding position: time: 1672694863.6224627, pos.: 0.5500000000000002
2023-01-02 16:27:43:robot moved:RPI_Motor, on Pins 4 and 17, moving at velocity: 0.5
2023-01-02 16:27:43:encoder sensor:Adding position: time: 1672694863.7543228, pos.: 0.5750000000000002
2023-01-02 16:27:43:robot moved:RPI_Motor, on Pins 4 and 17, moving at velocity: 0.5
2023-01-02 16:27:43:encoder sensor:Adding position: time: 1672694863.7952607, pos.: 0.6000000000000002
2023-01-02 16:27:43:robot moved:RPI_Motor, on Pins 4 and 17, moving at velocity: 0.5
2023-01-02 16:27:43:encoder sensor:Adding position: time: 1672694863.947316, pos.: 0.6250000000000002
2023-01-02 16:27:43:robot moved:RPI_Motor, on Pins 4 and 17, moving at velocity: 0.5
2023-01-02 16:27:43:encoder sensor:Adding position: time: 1672694863.9882884, pos.: 0.6500000000000002
2023-01-02 16:27:44:robot moved:RPI_Motor, on Pins 4 and 17, moving at velocity: 0.5
2023-01-02 16:27:44:encoder sensor:Adding position: time: 1672694864.0292099, pos.: 0.6750000000000003
2023-01-02 16:27:44:robot moved:RPI_Motor, on Pins 4 and 17, moving at velocity: 0.5
2023-01-02 16:27:44:encoder sensor:Adding position: time: 1672694864.0701942, pos.: 0.7000000000000003
2023-01-02 16:27:44:robot moved:RPI_Motor, on Pins 4 and 17, moving at velocity: 0.5
2023-01-02 16:27:44:encoder sensor:Adding position: time: 1672694864.1111286, pos.: 0.7250000000000003
2023-01-02 16:27:44:robot moved:RPI_Motor, on Pins 4 and 17, moving at velocity: 0.5
2023-01-02 16:27:44:encoder sensor:Adding position: time: 1672694864.1520448, pos.: 0.7500000000000003
2023-01-02 16:27:44:robot moved:RPI_Motor, on Pins 4 and 17, moving at velocity: 0.5
2023-01-02 16:27:44:encoder sensor:Adding position: time: 1672694864.2536154, pos.: 0.7750000000000004
2023-01-02 16:27:44:robot moved:RPI_Motor, on Pins 4 and 17, moving at velocity: 0.5
2023-01-02 16:27:44:encoder sensor:Adding position: time: 1672694864.2946372, pos.: 0.8000000000000004
2023-01-02 16:27:44:robot moved:RPI_Motor, on Pins 4 and 17, moving at velocity: 0.5
2023-01-02 16:27:44:encoder sensor:Adding position: time: 1672694864.3356545, pos.: 0.8250000000000004
2023-01-02 16:27:44:robot moved:RPI_Motor, on Pins 4 and 17, moving at velocity: 0.5
2023-01-02 16:27:44:encoder sensor:Adding position: time: 1672694864.376578, pos.: 0.8500000000000004
2023-01-02 16:27:44:robot moved:RPI_Motor, on Pins 4 and 17, moving at velocity: 0.5
2023-01-02 16:27:44:encoder sensor:Adding position: time: 1672694864.478146, pos.: 0.8750000000000004
2023-01-02 16:27:44:robot moved:RPI_Motor, on Pins 4 and 17, moving at velocity: 0.5
2023-01-02 16:27:44:encoder sensor:Adding position: time: 1672694864.5190728, pos.: 0.9000000000000005
2023-01-02 16:27:44:robot moved:RPI_Motor, on Pins 4 and 17, moving at velocity: 0.5
2023-01-02 16:27:44:encoder sensor:Adding position: time: 1672694864.5600011, pos.: 0.9250000000000005
2023-01-02 16:27:44:robot moved:RPI_Motor, on Pins 4 and 17, moving at velocity: 0.5
2023-01-02 16:27:44:encoder sensor:Adding position: time: 1672694864.600904, pos.: 0.9500000000000005
2023-01-02 16:27:44:robot moved:RPI_Motor, on Pins 4 and 17, moving at velocity: 0.5
2023-01-02 16:27:44:encoder sensor:Adding position: time: 1672694864.641832, pos.: 0.9750000000000005
2023-01-02 16:27:44:robot moved:RPI_Motor, on Pins 4 and 17, moving at velocity: 0.5
2023-01-02 16:27:44:encoder sensor:Adding position: time: 1672694864.682782, pos.: 1.0000000000000004
2023-01-02 16:27:44:robot moved:RPI_Motor, on Pins 4 and 17, moving at velocity: 0.5
2023-01-02 16:27:44:encoder sensor:Adding position: time: 1672694864.8449342, pos.: 1.0250000000000004
2023-01-02 16:27:44:robot moved:RPI_Motor, on Pins 4 and 17, moving at velocity: 0.5
2023-01-02 16:27:44:encoder sensor:Adding position: time: 1672694864.8859634, pos.: 1.0500000000000003
2023-01-02 16:27:44:robot moved:RPI_Motor, on Pins 4 and 17, moving at velocity: 0.5
2023-01-02 16:27:44:encoder sensor:Adding position: time: 1672694864.926919, pos.: 1.0750000000000002
2023-01-02 16:27:45:robot moved:RPI_Motor, on Pins 4 and 17, moving at velocity: 0.5
2023-01-02 16:27:45:encoder sensor:Adding position: time: 1672694865.0284426, pos.: 1.1
2023-01-02 16:27:45:robot moved:RPI_Motor, on Pins 4 and 17, moving at velocity: 0.5
2023-01-02 16:27:45:encoder sensor:Adding position: time: 1672694865.069415, pos.: 1.125
2023-01-02 16:27:45:robot moved:RPI_Motor, on Pins 4 and 17, moving at velocity: 0.5
2023-01-02 16:27:45:encoder sensor:Adding position: time: 1672694865.1103268, pos.: 1.15
2023-01-02 16:27:45:robot moved:RPI_Motor, on Pins 4 and 17, moving at velocity: 0.5
2023-01-02 16:27:45:encoder sensor:Adding position: time: 1672694865.1512365, pos.: 1.1749999999999998
2023-01-02 16:27:45:robot moved:RPI_Motor, on Pins 4 and 17, moving at velocity: 0.5
2023-01-02 16:27:45:encoder sensor:Adding position: time: 1672694865.1921437, pos.: 1.1999999999999997
2023-01-02 16:27:45:robot moved:RPI_Motor, on Pins 4 and 17, moving at velocity: 0.5
2023-01-02 16:27:45:encoder sensor:Adding position: time: 1672694865.293671, pos.: 1.2249999999999996
2023-01-02 16:27:45:robot moved:RPI_Motor, on Pins 4 and 17, moving at velocity: 0.5
2023-01-02 16:27:45:encoder sensor:Adding position: time: 1672694865.3649058, pos.: 1.2499999999999996
2023-01-02 16:27:45:robot moved:RPI_Motor, on Pins 4 and 17, moving at velocity: 0.5
2023-01-02 16:27:45:encoder sensor:Adding position: time: 1672694865.4058712, pos.: 1.2749999999999995
2023-01-02 16:27:45:robot moved:RPI_Motor, on Pins 4 and 17, moving at velocity: 0.5
2023-01-02 16:27:45:encoder sensor:Adding position: time: 1672694865.4468336, pos.: 1.2999999999999994
2023-01-02 16:27:45:robot moved:RPI_Motor, on Pins 4 and 17, moving at velocity: 0.5
2023-01-02 16:27:45:encoder sensor:Adding position: time: 1672694865.5786579, pos.: 1.3249999999999993
2023-01-02 16:27:45:robot moved:RPI_Motor, on Pins 4 and 17, moving at velocity: 0.5
2023-01-02 16:27:45:encoder sensor:Adding position: time: 1672694865.619574, pos.: 1.3499999999999992
2023-01-02 16:27:45:robot moved:RPI_Motor, on Pins 4 and 17, moving at velocity: 0.5
2023-01-02 16:27:45:encoder sensor:Adding position: time: 1672694865.8019319, pos.: 1.3749999999999991
2023-01-02 16:27:45:robot moved:RPI_Motor, on Pins 4 and 17, moving at velocity: 0.5
2023-01-02 16:27:45:encoder sensor:Adding position: time: 1672694865.8429081, pos.: 1.399999999999999
2023-01-02 16:27:45:robot moved:RPI_Motor, on Pins 4 and 17, moving at velocity: 0.5
2023-01-02 16:27:45:encoder sensor:Adding position: time: 1672694865.9141245, pos.: 1.424999999999999
2023-01-02 16:27:45:robot moved:RPI_Motor, on Pins 4 and 17, moving at velocity: 0.5
2023-01-02 16:27:45:encoder sensor:Adding position: time: 1672694865.9853752, pos.: 1.4499999999999988
2023-01-02 16:27:46:robot moved:RPI_Motor, on Pins 4 and 17, moving at velocity: 0.5
2023-01-02 16:27:46:encoder sensor:Adding position: time: 1672694866.0869474, pos.: 1.4749999999999988
2023-01-02 16:27:46:robot moved:RPI_Motor, on Pins 4 and 17, moving at velocity: 0.5
2023-01-02 16:27:46:encoder sensor:Adding position: time: 1672694866.1278703, pos.: 1.4999999999999987
2023-01-02 16:27:46:robot moved:RPI_Motor, on Pins 4 and 17, moving at velocity: 0.5
2023-01-02 16:27:46:encoder sensor:Adding position: time: 1672694866.1687794, pos.: 1.5249999999999986
2023-01-02 16:27:46:robot moved:RPI_Motor, on Pins 4 and 17, moving at velocity: 0.5
2023-01-02 16:27:46:encoder sensor:Adding position: time: 1672694866.209786, pos.: 1.5499999999999985
2023-01-02 16:27:46:robot moved:RPI_Motor, on Pins 4 and 17, moving at velocity: 0.5
2023-01-02 16:27:46:encoder sensor:Adding position: time: 1672694866.2810516, pos.: 1.5749999999999984
2023-01-02 16:27:46:robot moved:RPI_Motor, on Pins 4 and 17, moving at velocity: 0.5
2023-01-02 16:27:46:encoder sensor:Adding position: time: 1672694866.3523226, pos.: 1.5999999999999983
2023-01-02 16:27:46:robot moved:RPI_Motor, on Pins 4 and 17, moving at velocity: 0.5
2023-01-02 16:27:46:encoder sensor:Adding position: time: 1672694866.4235384, pos.: 1.6249999999999982
2023-01-02 16:27:46:robot moved:RPI_Motor, on Pins 4 and 17, moving at velocity: 0.5
2023-01-02 16:27:46:encoder sensor:Adding position: time: 1672694866.464454, pos.: 1.6499999999999981
2023-01-02 16:27:46:robot moved:RPI_Motor, on Pins 4 and 17, moving at velocity: 0.5
2023-01-02 16:27:46:encoder sensor:Adding position: time: 1672694866.6266007, pos.: 1.674999999999998
2023-01-02 16:27:46:robot moved:RPI_Motor, on Pins 4 and 17, moving at velocity: 0.5
2023-01-02 16:27:46:encoder sensor:Adding position: time: 1672694866.6675708, pos.: 1.699999999999998
2023-01-02 16:27:46:robot moved:RPI_Motor, on Pins 4 and 17, moving at velocity: 0.5
2023-01-02 16:27:46:encoder sensor:Adding position: time: 1672694866.7084954, pos.: 1.7249999999999979
2023-01-02 16:27:46:robot moved:RPI_Motor, on Pins 4 and 17, moving at velocity: 0.5
2023-01-02 16:27:46:encoder sensor:Adding position: time: 1672694866.7496815, pos.: 1.7499999999999978
2023-01-02 16:27:46:robot moved:RPI_Motor, on Pins 4 and 17, moving at velocity: 0.5
2023-01-02 16:27:46:encoder sensor:Adding position: time: 1672694866.8829746, pos.: 1.7749999999999977
2023-01-02 16:27:46:robot moved:RPI_Motor, on Pins 4 and 17, moving at velocity: 0.5
2023-01-02 16:27:46:encoder sensor:Adding position: time: 1672694866.9249377, pos.: 1.7999999999999976
2023-01-02 16:27:47:robot moved:RPI_Motor, on Pins 4 and 17, moving at velocity: 0.5
2023-01-02 16:27:47:encoder sensor:Adding position: time: 1672694867.170399, pos.: 1.8249999999999975
2023-01-02 16:27:47:robot moved:RPI_Motor, on Pins 4 and 17, moving at velocity: 0.5
2023-01-02 16:27:47:encoder sensor:Adding position: time: 1672694867.2377923, pos.: 1.8499999999999974
2023-01-02 16:27:47:robot moved:RPI_Motor, on Pins 4 and 17, moving at velocity: 0.5
2023-01-02 16:27:47:encoder sensor:Adding position: time: 1672694867.279909, pos.: 1.8749999999999973
2023-01-02 16:27:47:robot moved:RPI_Motor, on Pins 4 and 17, moving at velocity: 0.5
2023-01-02 16:27:47:encoder sensor:Adding position: time: 1672694867.3218331, pos.: 1.8999999999999972
2023-01-02 16:27:47:robot moved:RPI_Motor, on Pins 4 and 17, moving at velocity: 0.5
2023-01-02 16:27:47:encoder sensor:Adding position: time: 1672694867.424923, pos.: 1.9249999999999972
2023-01-02 16:27:47:robot moved:RPI_Motor, on Pins 4 and 17, moving at velocity: 0.5
2023-01-02 16:27:47:encoder sensor:Adding position: time: 1672694867.4669201, pos.: 1.949999999999997
2023-01-02 16:27:47:robot moved:RPI_Motor, on Pins 4 and 17, moving at velocity: 0.5
2023-01-02 16:27:47:encoder sensor:Adding position: time: 1672694867.7124686, pos.: 1.974999999999997
2023-01-02 16:27:47:robot moved:RPI_Motor, on Pins 4 and 17, moving at velocity: 0.5
2023-01-02 16:27:47:encoder sensor:Adding position: time: 1672694867.7545128, pos.: 1.999999999999997
2023-01-02 16:27:47:robot moved:RPI_Motor, on Pins 4 and 17, moving at velocity: 0.5
2023-01-02 16:27:47:encoder sensor:Adding position: time: 1672694867.9695923, pos.: 2.024999999999997
2023-01-02 16:27:48:robot moved:RPI_Motor, on Pins 4 and 17, moving at velocity: 0.5
2023-01-02 16:27:48:encoder sensor:Adding position: time: 1672694868.0116293, pos.: 2.0499999999999967
2023-01-02 16:27:48:robot moved:RPI_Motor, on Pins 4 and 17, moving at velocity: 0.5
2023-01-02 16:27:48:encoder sensor:Adding position: time: 1672694868.2573814, pos.: 2.0749999999999966
2023-01-02 16:27:48:robot moved:RPI_Motor, on Pins 4 and 17, moving at velocity: 0.5
2023-01-02 16:27:48:encoder sensor:Adding position: time: 1672694868.2995474, pos.: 2.0999999999999965
2023-01-02 16:27:48:robot moved:RPI_Motor, on Pins 4 and 17, moving at velocity: 0.5
2023-01-02 16:27:48:encoder sensor:Adding position: time: 1672694868.3415563, pos.: 2.1249999999999964
2023-01-02 16:27:48:robot moved:RPI_Motor, on Pins 4 and 17, moving at velocity: 0.5
2023-01-02 16:27:48:encoder sensor:Adding position: time: 1672694868.3836591, pos.: 2.1499999999999964
2023-01-02 16:27:48:robot moved:RPI_Motor, on Pins 4 and 17, moving at velocity: 0.5
2023-01-02 16:27:48:encoder sensor:Adding position: time: 1672694868.4867985, pos.: 2.1749999999999963
2023-01-02 16:27:48:robot moved:RPI_Motor, on Pins 4 and 17, moving at velocity: 0.5
2023-01-02 16:27:48:encoder sensor:Adding position: time: 1672694868.5287504, pos.: 2.199999999999996
2023-01-02 16:27:48:robot moved:RPI_Motor, on Pins 4 and 17, moving at velocity: 0.5
2023-01-02 16:27:48:encoder sensor:Adding position: time: 1672694868.5707312, pos.: 2.224999999999996
2023-01-02 16:27:48:robot moved:RPI_Motor, on Pins 4 and 17, moving at velocity: 0.5
2023-01-02 16:27:48:encoder sensor:Adding position: time: 1672694868.6126826, pos.: 2.249999999999996
2023-01-02 16:27:48:robot moved:RPI_Motor, on Pins 4 and 17, moving at velocity: 0.5
2023-01-02 16:27:48:encoder sensor:Adding position: time: 1672694868.6547005, pos.: 2.274999999999996
2023-01-02 16:27:48:robot moved:RPI_Motor, on Pins 4 and 17, moving at velocity: 0.5
2023-01-02 16:27:48:encoder sensor:Adding position: time: 1672694868.789453, pos.: 2.299999999999996
2023-01-02 16:27:48:robot moved:RPI_Motor, on Pins 4 and 17, moving at velocity: 0.5
2023-01-02 16:27:48:encoder sensor:Adding position: time: 1672694868.943386, pos.: 2.3249999999999957
2023-01-02 16:27:48:robot moved:RPI_Motor, on Pins 4 and 17, moving at velocity: 0.5
2023-01-02 16:27:48:encoder sensor:Adding position: time: 1672694868.9855537, pos.: 2.3499999999999956
2023-01-02 16:27:49:robot moved:RPI_Motor, on Pins 4 and 17, moving at velocity: 0.5
2023-01-02 16:27:49:encoder sensor:Adding position: time: 1672694869.0580819, pos.: 2.3749999999999956
2023-01-02 16:27:49:robot moved:RPI_Motor, on Pins 4 and 17, moving at velocity: 0.5
2023-01-02 16:27:49:encoder sensor:Adding position: time: 1672694869.100148, pos.: 2.3999999999999955
2023-01-02 16:27:49:robot moved:RPI_Motor, on Pins 4 and 17, moving at velocity: 0.5
2023-01-02 16:27:49:encoder sensor:Adding position: time: 1672694869.3459015, pos.: 2.4249999999999954
2023-01-02 16:27:49:robot moved:RPI_Motor, on Pins 4 and 17, moving at velocity: 0.5
2023-01-02 16:27:49:encoder sensor:Adding position: time: 1672694869.3879302, pos.: 2.4499999999999953
2023-01-02 16:27:49:robot moved:RPI_Motor, on Pins 4 and 17, moving at velocity: 0.5
2023-01-02 16:27:49:encoder sensor:Adding position: time: 1672694869.4299753, pos.: 2.474999999999995
2023-01-02 16:27:49:robot moved:RPI_Motor, on Pins 4 and 17, moving at velocity: 0.5
2023-01-02 16:27:49:encoder sensor:Adding position: time: 1672694869.5634708, pos.: 2.499999999999995
2023-01-02 16:27:49:robot moved:RPI_Motor, on Pins 4 and 17, moving at velocity: 0.5
2023-01-02 16:27:49:encoder sensor:Adding position: time: 1672694869.6055496, pos.: 2.524999999999995
2023-01-02 16:27:49:robot moved:RPI_Motor, on Pins 4 and 17, moving at velocity: 0.5
2023-01-02 16:27:49:encoder sensor:Adding position: time: 1672694869.6475086, pos.: 2.549999999999995
2023-01-02 16:27:49:robot moved:RPI_Motor, on Pins 4 and 17, moving at velocity: 0.5
2023-01-02 16:27:49:encoder sensor:Adding position: time: 1672694869.689506, pos.: 2.574999999999995
2023-01-02 16:27:49:robot moved:RPI_Motor, on Pins 4 and 17, moving at velocity: 0.5
2023-01-02 16:27:49:encoder sensor:Adding position: time: 1672694869.7314284, pos.: 2.5999999999999948
2023-01-02 16:27:49:robot moved:RPI_Motor, on Pins 4 and 17, moving at velocity: 0.5
2023-01-02 16:27:49:encoder sensor:Adding position: time: 1672694869.8343227, pos.: 2.6249999999999947
2023-01-02 16:27:49:robot moved:RPI_Motor, on Pins 4 and 17, moving at velocity: 0.5
2023-01-02 16:27:49:encoder sensor:Adding position: time: 1672694869.8761704, pos.: 2.6499999999999946
2023-01-02 16:27:50:robot moved:RPI_Motor, on Pins 4 and 17, moving at velocity: 0.5
2023-01-02 16:27:50:encoder sensor:Adding position: time: 1672694870.0099025, pos.: 2.6749999999999945
2023-01-02 16:27:50:robot moved:RPI_Motor, on Pins 4 and 17, moving at velocity: 0.5
2023-01-02 16:27:50:encoder sensor:Adding position: time: 1672694870.0519187, pos.: 2.6999999999999944
2023-01-02 16:27:50:robot moved:RPI_Motor, on Pins 4 and 17, moving at velocity: 0.5
2023-01-02 16:27:50:encoder sensor:Adding position: time: 1672694870.1246715, pos.: 2.7249999999999943
2023-01-02 16:27:50:robot moved:RPI_Motor, on Pins 4 and 17, moving at velocity: 0.5
2023-01-02 16:27:50:encoder sensor:Adding position: time: 1672694870.1666949, pos.: 2.7499999999999942
2023-01-02 16:27:50:robot moved:RPI_Motor, on Pins 4 and 17, moving at velocity: 0.5
2023-01-02 16:27:50:encoder sensor:Adding position: time: 1672694870.208474, pos.: 2.774999999999994
2023-01-02 16:27:50:robot moved:RPI_Motor, on Pins 4 and 17, moving at velocity: 0.5
2023-01-02 16:27:50:encoder sensor:Adding position: time: 1672694870.2504103, pos.: 2.799999999999994
2023-01-02 16:27:50:robot moved:RPI_Motor, on Pins 4 and 17, moving at velocity: 0.5
2023-01-02 16:27:50:encoder sensor:Adding position: time: 1672694870.3839085, pos.: 2.824999999999994
2023-01-02 16:27:50:robot moved:RPI_Motor, on Pins 4 and 17, moving at velocity: 0.5
2023-01-02 16:27:50:encoder sensor:Adding position: time: 1672694870.4259648, pos.: 2.849999999999994
2023-01-02 16:27:50:robot moved:RPI_Motor, on Pins 4 and 17, moving at velocity: 0.5
2023-01-02 16:27:50:encoder sensor:Adding position: time: 1672694870.4679344, pos.: 2.874999999999994
2023-01-02 16:27:50:robot moved:RPI_Motor, on Pins 4 and 17, moving at velocity: 0.5
2023-01-02 16:27:50:encoder sensor:Adding position: time: 1672694870.6320927, pos.: 2.8999999999999937
2023-01-02 16:27:50:robot moved:RPI_Motor, on Pins 4 and 17, moving at velocity: 0.5
2023-01-02 16:27:50:encoder sensor:Adding position: time: 1672694870.6742196, pos.: 2.9249999999999936
2023-01-02 16:27:50:robot moved:RPI_Motor, on Pins 4 and 17, moving at velocity: 0.5
2023-01-02 16:27:50:encoder sensor:Adding position: time: 1672694870.716163, pos.: 2.9499999999999935
2023-01-02 16:27:50:robot moved:RPI_Motor, on Pins 4 and 17, moving at velocity: 0.5
2023-01-02 16:27:50:encoder sensor:Adding position: time: 1672694870.7581835, pos.: 2.9749999999999934
2023-01-02 16:27:50:robot moved:RPI_Motor, on Pins 4 and 17, moving at velocity: 0.5
2023-01-02 16:27:50:encoder sensor:Adding position: time: 1672694870.8307648, pos.: 2.9999999999999933
2023-01-02 16:27:50:robot moved:RPI_Motor, on Pins 4 and 17, moving at velocity: 0.5
2023-01-02 16:27:50:encoder sensor:Adding position: time: 1672694870.933701, pos.: 3.0249999999999932
2023-01-02 16:27:50:robot moved:RPI_Motor, on Pins 4 and 17, moving at velocity: 0.5
2023-01-02 16:27:50:encoder sensor:Adding position: time: 1672694870.9755948, pos.: 3.049999999999993
2023-01-02 16:27:51:robot moved:RPI_Motor, on Pins 4 and 17, moving at velocity: 0.5
2023-01-02 16:27:51:encoder sensor:Adding position: time: 1672694871.017602, pos.: 3.074999999999993
2023-01-02 16:27:51:robot moved:RPI_Motor, on Pins 4 and 17, moving at velocity: 0.5
2023-01-02 16:27:51:encoder sensor:Adding position: time: 1672694871.2122962, pos.: 3.099999999999993
2023-01-02 16:27:51:robot moved:RPI_Motor, on Pins 4 and 17, moving at velocity: 0.5
2023-01-02 16:27:51:encoder sensor:Adding position: time: 1672694871.254451, pos.: 3.124999999999993
2023-01-02 16:27:51:robot moved:RPI_Motor, on Pins 4 and 17, moving at velocity: 0.5
2023-01-02 16:27:51:encoder sensor:Adding position: time: 1672694871.2963758, pos.: 3.149999999999993
2023-01-02 16:27:51:robot moved:RPI_Motor, on Pins 4 and 17, moving at velocity: 0.5
2023-01-02 16:27:51:encoder sensor:Adding position: time: 1672694871.3384304, pos.: 3.1749999999999927
2023-01-02 16:27:51:robot moved:RPI_Motor, on Pins 4 and 17, moving at velocity: 0.5
2023-01-02 16:27:51:encoder sensor:Adding position: time: 1672694871.4415624, pos.: 3.1999999999999926
2023-01-02 16:27:51:robot moved:RPI_Motor, on Pins 4 and 17, moving at velocity: 0.5
2023-01-02 16:27:51:encoder sensor:Adding position: time: 1672694871.4835055, pos.: 3.2249999999999925
2023-01-02 16:27:51:robot moved:RPI_Motor, on Pins 4 and 17, moving at velocity: 0.5
2023-01-02 16:27:51:encoder sensor:Adding position: time: 1672694871.5254064, pos.: 3.2499999999999925
2023-01-02 16:27:51:robot moved:RPI_Motor, on Pins 4 and 17, moving at velocity: 0.5
2023-01-02 16:27:51:encoder sensor:Adding position: time: 1672694871.5673544, pos.: 3.2749999999999924
2023-01-02 16:27:51:robot moved:RPI_Motor, on Pins 4 and 17, moving at velocity: 0.5
2023-01-02 16:27:51:encoder sensor:Adding position: time: 1672694871.7619789, pos.: 3.2999999999999923
2023-01-02 16:27:51:robot moved:RPI_Motor, on Pins 4 and 17, moving at velocity: 0.5
2023-01-02 16:27:51:encoder sensor:Adding position: time: 1672694871.8040297, pos.: 3.324999999999992
2023-01-02 16:27:51:robot moved:RPI_Motor, on Pins 4 and 17, moving at velocity: 0.5
2023-01-02 16:27:51:encoder sensor:Adding position: time: 1672694871.846037, pos.: 3.349999999999992
2023-01-02 16:27:52:robot moved:RPI_Motor, on Pins 4 and 17, moving at velocity: 0.5
2023-01-02 16:27:52:encoder sensor:Adding position: time: 1672694872.010014, pos.: 3.374999999999992
2023-01-02 16:27:52:robot moved:RPI_Motor, on Pins 4 and 17, moving at velocity: 0.5
2023-01-02 16:27:52:encoder sensor:Adding position: time: 1672694872.052018, pos.: 3.399999999999992
2023-01-02 16:27:52:robot moved:RPI_Motor, on Pins 4 and 17, moving at velocity: 0.5
2023-01-02 16:27:52:encoder sensor:Adding position: time: 1672694872.0940335, pos.: 3.424999999999992
2023-01-02 16:27:52:robot moved:RPI_Motor, on Pins 4 and 17, moving at velocity: 0.5
2023-01-02 16:27:52:encoder sensor:Adding position: time: 1672694872.135953, pos.: 3.4499999999999917
2023-01-02 16:27:52:robot moved:RPI_Motor, on Pins 4 and 17, moving at velocity: 0.5
2023-01-02 16:27:52:encoder sensor:Adding position: time: 1672694872.2188313, pos.: 3.4749999999999917
2023-01-02 16:27:52:robot moved:RPI_Motor, on Pins 4 and 17, moving at velocity: 0.5
2023-01-02 16:27:52:encoder sensor:Adding position: time: 1672694872.231008, pos.: 3.4999999999999916
2023-01-02 16:27:52:robot moved:RPI_Motor, on Pins 4 and 17, moving at velocity: 0.5
2023-01-02 16:27:52:encoder sensor:Adding position: time: 1672694872.2424564, pos.: 3.5249999999999915
2023-01-02 16:27:52:robot moved:RPI_Motor, on Pins 4 and 17, moving at velocity: 0.5
2023-01-02 16:27:52:encoder sensor:Adding position: time: 1672694872.3453925, pos.: 3.5499999999999914
2023-01-02 16:27:52:robot moved:RPI_Motor, on Pins 4 and 17, moving at velocity: 0.5
2023-01-02 16:27:52:encoder sensor:Adding position: time: 1672694872.3873425, pos.: 3.5749999999999913
2023-01-02 16:27:52:robot moved:RPI_Motor, on Pins 4 and 17, moving at velocity: 0.5
2023-01-02 16:27:52:encoder sensor:Adding position: time: 1672694872.5210977, pos.: 3.599999999999991
2023-01-02 16:27:52:robot moved:RPI_Motor, on Pins 4 and 17, moving at velocity: 0.5
2023-01-02 16:27:52:encoder sensor:Adding position: time: 1672694872.5937693, pos.: 3.624999999999991
2023-01-02 16:27:52:robot moved:RPI_Motor, on Pins 4 and 17, moving at velocity: 0.5
2023-01-02 16:27:52:encoder sensor:Adding position: time: 1672694872.6358757, pos.: 3.649999999999991
2023-01-02 16:27:52:robot moved:RPI_Motor, on Pins 4 and 17, moving at velocity: 0.5
2023-01-02 16:27:52:encoder sensor:Adding position: time: 1672694872.6778154, pos.: 3.674999999999991
2023-01-02 16:27:52:robot moved:RPI_Motor, on Pins 4 and 17, moving at velocity: 0.5
2023-01-02 16:27:52:encoder sensor:Adding position: time: 1672694872.8419683, pos.: 3.699999999999991
2023-01-02 16:27:52:robot moved:RPI_Motor, on Pins 4 and 17, moving at velocity: 0.5
2023-01-02 16:27:52:encoder sensor:Adding position: time: 1672694872.9145434, pos.: 3.7249999999999908
2023-01-02 16:27:52:robot moved:RPI_Motor, on Pins 4 and 17, moving at velocity: 0.5
2023-01-02 16:27:52:encoder sensor:Adding position: time: 1672694872.9565575, pos.: 3.7499999999999907
2023-01-02 16:27:53:robot moved:RPI_Motor, on Pins 4 and 17, moving at velocity: 0.5
2023-01-02 16:27:53:encoder sensor:Adding position: time: 1672694873.0901358, pos.: 3.7749999999999906
2023-01-02 16:27:53:robot moved:RPI_Motor, on Pins 4 and 17, moving at velocity: 0.5
2023-01-02 16:27:53:encoder sensor:Adding position: time: 1672694873.132041, pos.: 3.7999999999999905
2023-01-02 16:27:53:robot moved:RPI_Motor, on Pins 4 and 17, moving at velocity: 0.5
2023-01-02 16:27:53:encoder sensor:Adding position: time: 1672694873.1740646, pos.: 3.8249999999999904
2023-01-02 16:27:53:robot moved:RPI_Motor, on Pins 4 and 17, moving at velocity: 0.5
2023-01-02 16:27:53:encoder sensor:Adding position: time: 1672694873.216219, pos.: 3.8499999999999903
2023-01-02 16:27:53:robot moved:RPI_Motor, on Pins 4 and 17, moving at velocity: 0.5
2023-01-02 16:27:53:encoder sensor:Adding position: time: 1672694873.3496392, pos.: 3.8749999999999902
2023-01-02 16:27:53:robot moved:RPI_Motor, on Pins 4 and 17, moving at velocity: 0.5
2023-01-02 16:27:53:encoder sensor:Adding position: time: 1672694873.4221323, pos.: 3.89999999999999
2023-01-02 16:27:53:robot moved:RPI_Motor, on Pins 4 and 17, moving at velocity: 0.5
2023-01-02 16:27:53:encoder sensor:Adding position: time: 1672694873.4945831, pos.: 3.92499999999999
2023-01-02 16:27:53:robot moved:RPI_Motor, on Pins 4 and 17, moving at velocity: 0.5
2023-01-02 16:27:53:encoder sensor:Adding position: time: 1672694873.6281183, pos.: 3.94999999999999
2023-01-02 16:27:53:robot moved:RPI_Motor, on Pins 4 and 17, moving at velocity: 0.5
2023-01-02 16:27:53:encoder sensor:Adding position: time: 1672694873.670215, pos.: 3.97499999999999
2023-01-02 16:27:53:robot moved:RPI_Motor, on Pins 4 and 17, moving at velocity: 0.5
2023-01-02 16:27:53:encoder sensor:Adding position: time: 1672694873.7426796, pos.: 3.99999999999999
2023-01-02 16:27:53:robot moved:RPI_Motor, on Pins 4 and 17, moving at velocity: 0.5
2023-01-02 16:27:53:encoder sensor:Adding position: time: 1672694873.9372606, pos.: 4.02499999999999
2023-01-02 16:27:54:robot moved:RPI_Motor, on Pins 4 and 17, moving at velocity: 0.5
2023-01-02 16:27:54:encoder sensor:Adding position: time: 1672694874.009845, pos.: 4.04999999999999
2023-01-02 16:27:54:robot moved:RPI_Motor, on Pins 4 and 17, moving at velocity: 0.5
2023-01-02 16:27:54:encoder sensor:Adding position: time: 1672694874.2352214, pos.: 4.07499999999999
2023-01-02 16:27:54:robot moved:RPI_Motor, on Pins 4 and 17, moving at velocity: 0.5
2023-01-02 16:27:54:encoder sensor:Adding position: time: 1672694874.277306, pos.: 4.099999999999991
2023-01-02 16:27:54:robot moved:RPI_Motor, on Pins 4 and 17, moving at velocity: 0.5
2023-01-02 16:27:54:encoder sensor:Adding position: time: 1672694874.3804178, pos.: 4.124999999999991
2023-01-02 16:27:54:robot moved:RPI_Motor, on Pins 4 and 17, moving at velocity: 0.5
2023-01-02 16:27:54:encoder sensor:Adding position: time: 1672694874.4835281, pos.: 4.1499999999999915
2023-01-02 16:27:54:robot moved:RPI_Motor, on Pins 4 and 17, moving at velocity: 0.5
2023-01-02 16:27:54:encoder sensor:Adding position: time: 1672694874.7699065, pos.: 4.174999999999992
2023-01-02 16:27:54:robot moved:RPI_Motor, on Pins 4 and 17, moving at velocity: 0.5
2023-01-02 16:27:54:encoder sensor:Adding position: time: 1672694874.811901, pos.: 4.199999999999992
2023-01-02 16:27:55:robot moved:RPI_Motor, on Pins 4 and 17, moving at velocity: 0.5
2023-01-02 16:27:55:encoder sensor:Adding position: time: 1672694875.0372922, pos.: 4.2249999999999925
2023-01-02 16:27:55:robot moved:RPI_Motor, on Pins 4 and 17, moving at velocity: 0.5
2023-01-02 16:27:55:encoder sensor:Adding position: time: 1672694875.0793998, pos.: 4.249999999999993
2023-01-02 16:27:55:robot moved:RPI_Motor, on Pins 4 and 17, moving at velocity: 0.5
2023-01-02 16:27:55:encoder sensor:Adding position: time: 1672694875.2233222, pos.: 4.274999999999993
2023-01-02 16:27:55:robot moved:RPI_Motor, on Pins 4 and 17, moving at velocity: 0.5
2023-01-02 16:27:55:encoder sensor:Adding position: time: 1672694875.234817, pos.: 4.299999999999994
2023-01-02 16:27:55:robot moved:RPI_Motor, on Pins 4 and 17, moving at velocity: 0.5
2023-01-02 16:27:55:encoder sensor:Adding position: time: 1672694875.2462053, pos.: 4.324999999999994
2023-01-02 16:27:55:robot moved:RPI_Motor, on Pins 4 and 17, moving at velocity: 0.5
2023-01-02 16:27:55:encoder sensor:Adding position: time: 1672694875.2677279, pos.: 4.349999999999994
2023-01-02 16:27:55:robot moved:RPI_Motor, on Pins 4 and 17, moving at velocity: 0.5
2023-01-02 16:27:55:encoder sensor:Adding position: time: 1672694875.3095858, pos.: 4.374999999999995
2023-01-02 16:27:55:robot moved:RPI_Motor, on Pins 4 and 17, moving at velocity: 0.5
2023-01-02 16:27:55:encoder sensor:Adding position: time: 1672694875.3513384, pos.: 4.399999999999995
2023-01-02 16:27:55:robot moved:RPI_Motor, on Pins 4 and 17, moving at velocity: 0.5
2023-01-02 16:27:55:encoder sensor:Adding position: time: 1672694875.4236002, pos.: 4.424999999999995
2023-01-02 16:27:55:robot moved:RPI_Motor, on Pins 4 and 17, moving at velocity: 0.5
2023-01-02 16:27:55:encoder sensor:Adding position: time: 1672694875.5877519, pos.: 4.449999999999996
2023-01-02 16:27:55:robot moved:RPI_Motor, on Pins 4 and 17, moving at velocity: 0.5
2023-01-02 16:27:55:encoder sensor:Adding position: time: 1672694875.6602345, pos.: 4.474999999999996
2023-01-02 16:27:55:robot moved:RPI_Motor, on Pins 4 and 17, moving at velocity: 0.5
2023-01-02 16:27:55:encoder sensor:Adding position: time: 1672694875.773636, pos.: 4.4999999999999964
2023-01-02 16:27:55:robot moved:RPI_Motor, on Pins 4 and 17, moving at velocity: 0.5
2023-01-02 16:27:55:encoder sensor:Adding position: time: 1672694875.785013, pos.: 4.524999999999997
2023-01-02 16:27:55:robot moved:RPI_Motor, on Pins 4 and 17, moving at velocity: 0.5
2023-01-02 16:27:55:encoder sensor:Adding position: time: 1672694875.7964547, pos.: 4.549999999999997
2023-01-02 16:27:55:robot moved:RPI_Motor, on Pins 4 and 17, moving at velocity: 0.5
2023-01-02 16:27:55:encoder sensor:Adding position: time: 1672694875.8180828, pos.: 4.5749999999999975
2023-01-02 16:27:55:robot moved:RPI_Motor, on Pins 4 and 17, moving at velocity: 0.5
2023-01-02 16:27:55:encoder sensor:Adding position: time: 1672694875.859872, pos.: 4.599999999999998
2023-01-02 16:27:55:robot moved:RPI_Motor, on Pins 4 and 17, moving at velocity: 0.5
2023-01-02 16:27:55:encoder sensor:Adding position: time: 1672694875.9015872, pos.: 4.624999999999998
2023-01-02 16:27:55:robot moved:RPI_Motor, on Pins 4 and 17, moving at velocity: 0.5
2023-01-02 16:27:55:encoder sensor:Adding position: time: 1672694875.943847, pos.: 4.649999999999999
2023-01-02 16:27:56:robot moved:RPI_Motor, on Pins 4 and 17, moving at velocity: 0.5
2023-01-02 16:27:56:encoder sensor:Adding position: time: 1672694876.168808, pos.: 4.674999999999999
2023-01-02 16:27:56:robot moved:RPI_Motor, on Pins 4 and 17, moving at velocity: 0.5
2023-01-02 16:27:56:encoder sensor:Adding position: time: 1672694876.2107933, pos.: 4.699999999999999
2023-01-02 16:27:56:robot moved:RPI_Motor, on Pins 4 and 17, moving at velocity: 0.5
2023-01-02 16:27:56:encoder sensor:Adding position: time: 1672694876.4971595, pos.: 4.725
2023-01-02 16:27:56:robot moved:RPI_Motor, on Pins 4 and 17, moving at velocity: 0.5
2023-01-02 16:27:56:encoder sensor:Adding position: time: 1672694876.5391083, pos.: 4.75
2023-01-02 16:27:56:robot moved:RPI_Motor, on Pins 4 and 17, moving at velocity: 0.5
2023-01-02 16:27:56:encoder sensor:Adding position: time: 1672694876.7031415, pos.: 4.775
2023-01-02 16:27:56:robot moved:RPI_Motor, on Pins 4 and 17, moving at velocity: 0.5
2023-01-02 16:27:56:encoder sensor:Adding position: time: 1672694876.7451358, pos.: 4.800000000000001
2023-01-02 16:27:56:robot moved:RPI_Motor, on Pins 4 and 17, moving at velocity: 0.5
2023-01-02 16:27:56:encoder sensor:Adding position: time: 1672694876.7870808, pos.: 4.825000000000001
2023-01-02 16:27:56:robot moved:RPI_Motor, on Pins 4 and 17, moving at velocity: 0.5
2023-01-02 16:27:56:encoder sensor:Adding position: time: 1672694876.9002078, pos.: 4.850000000000001
2023-01-02 16:27:56:robot moved:RPI_Motor, on Pins 4 and 17, moving at velocity: 0.5
2023-01-02 16:27:56:encoder sensor:Adding position: time: 1672694876.9117148, pos.: 4.875000000000002
2023-01-02 16:27:56:robot moved:RPI_Motor, on Pins 4 and 17, moving at velocity: 0.5
2023-01-02 16:27:56:encoder sensor:Adding position: time: 1672694876.9231253, pos.: 4.900000000000002
2023-01-02 16:27:56:robot moved:RPI_Motor, on Pins 4 and 17, moving at velocity: 0.5
2023-01-02 16:27:56:encoder sensor:Adding position: time: 1672694876.9446628, pos.: 4.9250000000000025
2023-01-02 16:27:56:robot moved:RPI_Motor, on Pins 4 and 17, moving at velocity: 0.5
2023-01-02 16:27:56:encoder sensor:Adding position: time: 1672694876.986617, pos.: 4.950000000000003
2023-01-02 16:27:57:robot moved:RPI_Motor, on Pins 4 and 17, moving at velocity: 0.5
2023-01-02 16:27:57:encoder sensor:Adding position: time: 1672694877.0591207, pos.: 4.975000000000003
2023-01-02 16:27:57:robot moved:RPI_Motor, on Pins 4 and 17, moving at velocity: 0.5
2023-01-02 16:27:57:encoder sensor:Adding position: time: 1672694877.1314588, pos.: 5.0000000000000036
2023-01-02 16:27:57:robot moved:RPI_Motor, on Pins 4 and 17, moving at velocity: 0.5
2023-01-02 16:27:57:encoder sensor:Adding position: time: 1672694877.2955143, pos.: 5.025000000000004
2023-01-02 16:27:57:robot moved:RPI_Motor, on Pins 4 and 17, moving at velocity: 0.5
2023-01-02 16:27:57:encoder sensor:Adding position: time: 1672694877.3382664, pos.: 5.050000000000004
2023-01-02 16:27:57:robot moved:RPI_Motor, on Pins 4 and 17, moving at velocity: 0.5
2023-01-02 16:27:57:encoder sensor:Adding position: time: 1672694877.5939906, pos.: 5.075000000000005
2023-01-02 16:27:57:robot moved:RPI_Motor, on Pins 4 and 17, moving at velocity: 0.5
2023-01-02 16:27:57:encoder sensor:Adding position: time: 1672694877.758271, pos.: 5.100000000000005
2023-01-02 16:27:57:robot moved:RPI_Motor, on Pins 4 and 17, moving at velocity: 0.5
2023-01-02 16:27:57:encoder sensor:Adding position: time: 1672694877.8307328, pos.: 5.125000000000005
2023-01-02 16:27:57:robot moved:RPI_Motor, on Pins 4 and 17, moving at velocity: 0.5
2023-01-02 16:27:57:encoder sensor:Adding position: time: 1672694877.9032018, pos.: 5.150000000000006
2023-01-02 16:27:58:robot moved:RPI_Motor, on Pins 4 and 17, moving at velocity: 0.5
2023-01-02 16:27:58:encoder sensor:Adding position: time: 1672694878.372975, pos.: 5.175000000000006
2023-01-02 16:27:58:robot moved:RPI_Motor, on Pins 4 and 17, moving at velocity: 0.5
2023-01-02 16:27:58:encoder sensor:Adding position: time: 1672694878.415175, pos.: 5.200000000000006
2023-01-02 16:27:58:robot moved:RPI_Motor, on Pins 4 and 17, moving at velocity: 0.5
2023-01-02 16:27:58:encoder sensor:Adding position: time: 1672694878.4877007, pos.: 5.225000000000007
2023-01-02 16:27:58:robot moved:RPI_Motor, on Pins 4 and 17, moving at velocity: 0.5
2023-01-02 16:27:58:encoder sensor:Adding position: time: 1672694878.6822832, pos.: 5.250000000000007
2023-01-02 16:27:58:robot moved:RPI_Motor, on Pins 4 and 17, moving at velocity: 0.5
2023-01-02 16:27:58:encoder sensor:Adding position: time: 1672694878.7956576, pos.: 5.2750000000000075
2023-01-02 16:27:58:robot moved:RPI_Motor, on Pins 4 and 17, moving at velocity: 0.5
2023-01-02 16:27:58:encoder sensor:Adding position: time: 1672694878.8070397, pos.: 5.300000000000008
2023-01-02 16:27:58:robot moved:RPI_Motor, on Pins 4 and 17, moving at velocity: 0.5
2023-01-02 16:27:58:encoder sensor:Adding position: time: 1672694878.8184013, pos.: 5.325000000000008
2023-01-02 16:27:58:robot moved:RPI_Motor, on Pins 4 and 17, moving at velocity: 0.5
2023-01-02 16:27:58:encoder sensor:Adding position: time: 1672694878.8399057, pos.: 5.3500000000000085
2023-01-02 16:27:58:robot moved:RPI_Motor, on Pins 4 and 17, moving at velocity: 0.5
2023-01-02 16:27:58:encoder sensor:Adding position: time: 1672694878.9732895, pos.: 5.375000000000009
2023-01-02 16:27:59:robot moved:RPI_Motor, on Pins 4 and 17, moving at velocity: 0.5
2023-01-02 16:27:59:encoder sensor:Adding position: time: 1672694879.0153348, pos.: 5.400000000000009
2023-01-02 16:27:59:robot moved:RPI_Motor, on Pins 4 and 17, moving at velocity: 0.5
2023-01-02 16:27:59:encoder sensor:Adding position: time: 1672694879.0978885, pos.: 5.42500000000001
2023-01-02 16:27:59:robot moved:RPI_Motor, on Pins 4 and 17, moving at velocity: 0.5
2023-01-02 16:27:59:encoder sensor:Adding position: time: 1672694879.109176, pos.: 5.45000000000001
2023-01-02 16:27:59:robot moved:RPI_Motor, on Pins 4 and 17, moving at velocity: 0.5
2023-01-02 16:27:59:encoder sensor:Adding position: time: 1672694879.120384, pos.: 5.47500000000001
2023-01-02 16:27:59:robot moved:RPI_Motor, on Pins 4 and 17, moving at velocity: 0.5
2023-01-02 16:27:59:encoder sensor:Adding position: time: 1672694879.1418316, pos.: 5.500000000000011
2023-01-02 16:27:59:robot moved:RPI_Motor, on Pins 4 and 17, moving at velocity: 0.5
2023-01-02 16:27:59:encoder sensor:Adding position: time: 1672694879.2139704, pos.: 5.525000000000011
2023-01-02 16:27:59:robot moved:RPI_Motor, on Pins 4 and 17, moving at velocity: 0.5
2023-01-02 16:27:59:encoder sensor:Adding position: time: 1672694879.2558198, pos.: 5.550000000000011
2023-01-02 16:27:59:robot moved:RPI_Motor, on Pins 4 and 17, moving at velocity: 0.5
2023-01-02 16:27:59:encoder sensor:Adding position: time: 1672694879.3690464, pos.: 5.575000000000012
2023-01-02 16:27:59:robot moved:RPI_Motor, on Pins 4 and 17, moving at velocity: 0.5
2023-01-02 16:27:59:encoder sensor:Adding position: time: 1672694879.380608, pos.: 5.600000000000012
2023-01-02 16:27:59:robot moved:RPI_Motor, on Pins 4 and 17, moving at velocity: 0.5
2023-01-02 16:27:59:encoder sensor:Adding position: time: 1672694879.3920815, pos.: 5.625000000000012
2023-01-02 16:27:59:robot moved:RPI_Motor, on Pins 4 and 17, moving at velocity: 0.5
2023-01-02 16:27:59:encoder sensor:Adding position: time: 1672694879.4137278, pos.: 5.650000000000013
2023-01-02 16:27:59:robot moved:RPI_Motor, on Pins 4 and 17, moving at velocity: 0.5
2023-01-02 16:27:59:encoder sensor:Adding position: time: 1672694879.5166705, pos.: 5.675000000000013
2023-01-02 16:27:59:robot moved:RPI_Motor, on Pins 4 and 17, moving at velocity: 0.5
2023-01-02 16:27:59:encoder sensor:Adding position: time: 1672694879.5585067, pos.: 5.7000000000000135
2023-01-02 16:27:59:robot moved:RPI_Motor, on Pins 4 and 17, moving at velocity: 0.5
2023-01-02 16:27:59:encoder sensor:Adding position: time: 1672694879.7837422, pos.: 5.725000000000014
2023-01-02 16:27:59:robot moved:RPI_Motor, on Pins 4 and 17, moving at velocity: 0.5
2023-01-02 16:27:59:encoder sensor:Adding position: time: 1672694879.8257382, pos.: 5.750000000000014
2023-01-02 16:27:59:robot moved:RPI_Motor, on Pins 4 and 17, moving at velocity: 0.5
2023-01-02 16:27:59:encoder sensor:Adding position: time: 1672694879.9390626, pos.: 5.775000000000015
2023-01-02 16:27:59:robot moved:RPI_Motor, on Pins 4 and 17, moving at velocity: 0.5
2023-01-02 16:27:59:encoder sensor:Adding position: time: 1672694879.9504337, pos.: 5.800000000000015
2023-01-02 16:27:59:robot moved:RPI_Motor, on Pins 4 and 17, moving at velocity: 0.5
2023-01-02 16:27:59:encoder sensor:Adding position: time: 1672694879.9617739, pos.: 5.825000000000015
2023-01-02 16:27:59:robot moved:RPI_Motor, on Pins 4 and 17, moving at velocity: 0.5
2023-01-02 16:27:59:encoder sensor:Adding position: time: 1672694879.9834344, pos.: 5.850000000000016
