2023-01-02 16:29:00:robot moved:RPI_Motor, on Pins 27 and 22, moving at velocity: -0.5
2023-01-02 16:29:00:encoder sensor:Adding position: time: 1672694940.4839294, pos.: -0.9750000000000005
2023-01-02 16:29:00:robot moved:RPI_Motor, on Pins 27 and 22, moving at velocity: -0.5
2023-01-02 16:29:00:encoder sensor:Adding position: time: 1672694940.5367434, pos.: -1.0000000000000004
2023-01-02 16:29:00:robot moved:RPI_Motor, on Pins 27 and 22, moving at velocity: -0.5
2023-01-02 16:29:00:encoder sensor:Adding position: time: 1672694940.5481982, pos.: -1.0250000000000004
2023-01-02 16:29:00:robot moved:RPI_Motor, on Pins 27 and 22, moving at velocity: -0.5
2023-01-02 16:29:00:encoder sensor:Adding position: time: 1672694940.5596933, pos.: -1.0500000000000003
2023-01-02 16:29:01:robot moved:RPI_Motor, on Pins 27 and 22, moving at velocity: -0.5
2023-01-02 16:29:01:encoder sensor:Adding position: time: 1672694941.1616323, pos.: -1.0750000000000002
2023-01-02 16:29:01:robot moved:RPI_Motor, on Pins 27 and 22, moving at velocity: -0.5
2023-01-02 16:29:01:encoder sensor:Adding position: time: 1672694941.1732779, pos.: -1.1
2023-01-02 16:29:01:robot moved:RPI_Motor, on Pins 27 and 22, moving at velocity: -0.5
2023-01-02 16:29:01:encoder sensor:Adding position: time: 1672694941.1847193, pos.: -1.125
2023-01-02 16:29:01:robot moved:RPI_Motor, on Pins 27 and 22, moving at velocity: -0.5
2023-01-02 16:29:01:encoder sensor:Adding position: time: 1672694941.2063837, pos.: -1.15
2023-01-02 16:29:02:robot moved:RPI_Motor, on Pins 27 and 22, moving at velocity: -0.5
2023-01-02 16:29:02:encoder sensor:Adding position: time: 1672694942.6327465, pos.: -1.1749999999999998
2023-01-02 16:29:02:robot moved:RPI_Motor, on Pins 27 and 22, moving at velocity: -0.5
2023-01-02 16:29:02:encoder sensor:Adding position: time: 1672694942.644531, pos.: -1.1999999999999997
2023-01-02 16:29:02:robot moved:RPI_Motor, on Pins 27 and 22, moving at velocity: -0.5
2023-01-02 16:29:02:encoder sensor:Adding position: time: 1672694942.6560462, pos.: -1.2249999999999996
2023-01-02 16:29:02:robot moved:RPI_Motor, on Pins 27 and 22, moving at velocity: -0.5
2023-01-02 16:29:02:encoder sensor:Adding position: time: 1672694942.6777542, pos.: -1.2499999999999996
2023-01-02 16:29:02:robot moved:RPI_Motor, on Pins 27 and 22, moving at velocity: -0.5
2023-01-02 16:29:02:encoder sensor:Adding position: time: 1672694942.7806554, pos.: -1.2749999999999995
2023-01-02 16:29:02:robot moved:RPI_Motor, on Pins 27 and 22, moving at velocity: -0.5
2023-01-02 16:29:02:encoder sensor:Adding position: time: 1672694942.822527, pos.: -1.2999999999999994
2023-01-02 16:29:02:robot moved:RPI_Motor, on Pins 27 and 22, moving at velocity: -0.5
2023-01-02 16:29:02:encoder sensor:Adding position: time: 1672694942.8746653, pos.: -1.3249999999999993
2023-01-02 16:29:02:robot moved:RPI_Motor, on Pins 27 and 22, moving at velocity: -0.5
2023-01-02 16:29:02:encoder sensor:Adding position: time: 1672694942.8860505, pos.: -1.3499999999999992
2023-01-02 16:29:02:robot moved:RPI_Motor, on Pins 27 and 22, moving at velocity: -0.5
2023-01-02 16:29:02:encoder sensor:Adding position: time: 1672694942.8974216, pos.: -1.3749999999999991
2023-01-02 16:29:02:robot moved:RPI_Motor, on Pins 27 and 22, moving at velocity: -0.5
2023-01-02 16:29:02:encoder sensor:Adding position: time: 1672694942.9189236, pos.: -1.399999999999999
2023-01-02 16:29:04:robot moved:RPI_Motor, on Pins 27 and 22, moving at velocity: -0.5
2023-01-02 16:29:04:encoder sensor:Adding position: time: 1672694944.039749, pos.: -1.424999999999999
2023-01-02 16:29:04:robot moved:RPI_Motor, on Pins 27 and 22, moving at velocity: -0.5
2023-01-02 16:29:04:encoder sensor:Adding position: time: 1672694944.05377, pos.: -1.4499999999999988
2023-01-02 16:29:04:robot moved:RPI_Motor, on Pins 27 and 22, moving at velocity: -0.5
2023-01-02 16:29:04:encoder sensor:Adding position: time: 1672694944.0653033, pos.: -1.4749999999999988
2023-01-02 16:29:04:robot moved:RPI_Motor, on Pins 27 and 22, moving at velocity: -0.5
2023-01-02 16:29:04:encoder sensor:Adding position: time: 1672694944.0869067, pos.: -1.4999999999999987
2023-01-02 16:29:05:robot moved:RPI_Motor, on Pins 27 and 22, moving at velocity: -0.5
2023-01-02 16:29:05:encoder sensor:Adding position: time: 1672694945.3804564, pos.: -1.5249999999999986
2023-01-02 16:29:05:robot moved:RPI_Motor, on Pins 27 and 22, moving at velocity: -0.5
2023-01-02 16:29:05:encoder sensor:Adding position: time: 1672694945.402446, pos.: -1.5499999999999985
2023-01-02 16:29:05:robot moved:RPI_Motor, on Pins 27 and 22, moving at velocity: -0.5
2023-01-02 16:29:05:encoder sensor:Adding position: time: 1672694945.413824, pos.: -1.5749999999999984
2023-01-02 16:29:05:robot moved:RPI_Motor, on Pins 27 and 22, moving at velocity: -0.5
2023-01-02 16:29:05:encoder sensor:Adding position: time: 1672694945.4252715, pos.: -1.5999999999999983
2023-01-02 16:29:05:robot moved:RPI_Motor, on Pins 27 and 22, moving at velocity: -0.5
2023-01-02 16:29:05:encoder sensor:Adding position: time: 1672694945.4468014, pos.: -1.6249999999999982
2023-01-02 16:29:05:robot moved:RPI_Motor, on Pins 27 and 22, moving at velocity: -0.5
2023-01-02 16:29:05:encoder sensor:Adding position: time: 1672694945.488699, pos.: -1.6499999999999981
2023-01-02 16:29:06:robot moved:RPI_Motor, on Pins 27 and 22, moving at velocity: -0.5
2023-01-02 16:29:06:encoder sensor:Adding position: time: 1672694946.3651707, pos.: -1.674999999999998
2023-01-02 16:29:06:robot moved:RPI_Motor, on Pins 27 and 22, moving at velocity: -0.5
2023-01-02 16:29:06:encoder sensor:Adding position: time: 1672694946.3768158, pos.: -1.699999999999998
2023-01-02 16:29:06:robot moved:RPI_Motor, on Pins 27 and 22, moving at velocity: -0.5
2023-01-02 16:29:06:encoder sensor:Adding position: time: 1672694946.3883078, pos.: -1.7249999999999979
2023-01-02 16:29:06:robot moved:RPI_Motor, on Pins 27 and 22, moving at velocity: -0.5
2023-01-02 16:29:06:encoder sensor:Adding position: time: 1672694946.4100246, pos.: -1.7499999999999978
2023-01-02 16:29:06:robot moved:RPI_Motor, on Pins 27 and 22, moving at velocity: -0.5
2023-01-02 16:29:06:encoder sensor:Adding position: time: 1672694946.5128107, pos.: -1.7749999999999977
2023-01-02 16:29:06:robot moved:RPI_Motor, on Pins 27 and 22, moving at velocity: -0.5
2023-01-02 16:29:06:encoder sensor:Adding position: time: 1672694946.5546482, pos.: -1.7999999999999976
2023-01-02 16:29:06:robot moved:RPI_Motor, on Pins 27 and 22, moving at velocity: -0.5
2023-01-02 16:29:06:encoder sensor:Adding position: time: 1672694946.5762007, pos.: -1.8249999999999975
2023-01-02 16:29:06:robot moved:RPI_Motor, on Pins 27 and 22, moving at velocity: -0.5
2023-01-02 16:29:06:encoder sensor:Adding position: time: 1672694946.5876622, pos.: -1.8499999999999974
2023-01-02 16:29:06:robot moved:RPI_Motor, on Pins 27 and 22, moving at velocity: -0.5
2023-01-02 16:29:06:encoder sensor:Adding position: time: 1672694946.5989962, pos.: -1.8749999999999973
2023-01-02 16:29:06:robot moved:RPI_Motor, on Pins 27 and 22, moving at velocity: -0.5
2023-01-02 16:29:06:encoder sensor:Adding position: time: 1672694946.620523, pos.: -1.8999999999999972
2023-01-02 16:29:06:robot moved:RPI_Motor, on Pins 27 and 22, moving at velocity: -0.5
2023-01-02 16:29:06:encoder sensor:Adding position: time: 1672694946.9473667, pos.: -1.9249999999999972
2023-01-02 16:29:06:robot moved:RPI_Motor, on Pins 27 and 22, moving at velocity: -0.5
2023-01-02 16:29:06:encoder sensor:Adding position: time: 1672694946.9588308, pos.: -1.949999999999997
2023-01-02 16:29:06:robot moved:RPI_Motor, on Pins 27 and 22, moving at velocity: -0.5
2023-01-02 16:29:06:encoder sensor:Adding position: time: 1672694946.9703727, pos.: -1.974999999999997
2023-01-02 16:29:06:robot moved:RPI_Motor, on Pins 27 and 22, moving at velocity: -0.5
2023-01-02 16:29:06:encoder sensor:Adding position: time: 1672694946.9920294, pos.: -1.999999999999997
2023-01-02 16:29:07:robot moved:RPI_Motor, on Pins 27 and 22, moving at velocity: -0.5
2023-01-02 16:29:07:encoder sensor:Adding position: time: 1672694947.0950115, pos.: -2.024999999999997
2023-01-02 16:29:07:robot moved:RPI_Motor, on Pins 27 and 22, moving at velocity: -0.5
2023-01-02 16:29:07:encoder sensor:Adding position: time: 1672694947.136804, pos.: -2.0499999999999967
2023-01-02 16:29:07:robot moved:RPI_Motor, on Pins 27 and 22, moving at velocity: -0.5
2023-01-02 16:29:07:encoder sensor:Adding position: time: 1672694947.1585016, pos.: -2.0749999999999966
2023-01-02 16:29:07:robot moved:RPI_Motor, on Pins 27 and 22, moving at velocity: -0.5
2023-01-02 16:29:07:encoder sensor:Adding position: time: 1672694947.1698658, pos.: -2.0999999999999965
2023-01-02 16:29:07:robot moved:RPI_Motor, on Pins 27 and 22, moving at velocity: -0.5
2023-01-02 16:29:07:encoder sensor:Adding position: time: 1672694947.181305, pos.: -2.1249999999999964
2023-01-02 16:29:07:robot moved:RPI_Motor, on Pins 27 and 22, moving at velocity: -0.5
2023-01-02 16:29:07:encoder sensor:Adding position: time: 1672694947.2028775, pos.: -2.1499999999999964
2023-01-02 16:29:08:robot moved:RPI_Motor, on Pins 27 and 22, moving at velocity: -0.5
2023-01-02 16:29:08:encoder sensor:Adding position: time: 1672694948.0487359, pos.: -2.1749999999999963
2023-01-02 16:29:08:robot moved:RPI_Motor, on Pins 27 and 22, moving at velocity: -0.5
2023-01-02 16:29:08:encoder sensor:Adding position: time: 1672694948.0604353, pos.: -2.199999999999996
2023-01-02 16:29:08:robot moved:RPI_Motor, on Pins 27 and 22, moving at velocity: -0.5
2023-01-02 16:29:08:encoder sensor:Adding position: time: 1672694948.071949, pos.: -2.224999999999996
2023-01-02 16:29:08:robot moved:RPI_Motor, on Pins 27 and 22, moving at velocity: -0.5
2023-01-02 16:29:08:encoder sensor:Adding position: time: 1672694948.0934756, pos.: -2.249999999999996
2023-01-02 16:29:08:robot moved:RPI_Motor, on Pins 27 and 22, moving at velocity: -0.5
2023-01-02 16:29:08:encoder sensor:Adding position: time: 1672694948.1963565, pos.: -2.274999999999996
2023-01-02 16:29:08:robot moved:RPI_Motor, on Pins 27 and 22, moving at velocity: -0.5
2023-01-02 16:29:08:encoder sensor:Adding position: time: 1672694948.2382548, pos.: -2.299999999999996
2023-01-02 16:29:08:robot moved:RPI_Motor, on Pins 27 and 22, moving at velocity: 0.0
2023-01-02 16:29:08:robot moved:RPI_Motor, on Pins 27 and 22, destroyed
2023-01-02 16:29:08:power:Motor Battery Relay on pin 14 turned: off
2023-01-02 16:29:08:power:Motor Battery Relay on pin 14 destroyed
2023-01-02 16:29:08:encoder sensor:Stopped Digital Sensor on pin 21
2023-01-02 16:29:08:encoder sensor:Distance: -2.30
2023-01-02 16:29:08:encoder sensor:Speed: -1.30
2023-01-02 16:29:08:encoder sensor:Accel: -26.71
2023-01-02 16:29:08:encoder sensor:Jerk: 424.12
2023-01-02 16:29:08:encoder sensor:Digital Sensor Destroyed on pin 21
